  [1m[35m (0.2ms)[0m  [1m[35mSHOW CREATE TABLE `real_state`[0m
  [1m[35m (1.0ms)[0m  [1m[35mSHOW TABLE STATUS LIKE 'real_state'[0m
Started GET "/" for ::1 at 2021-08-26 01:41:49 -0500
Processing by Rails::WelcomeController#index as HTML
  Parameters: {"internal"=>true}
  Rendering C:/Ruby27-x64/lib/ruby/gems/2.7.0/gems/railties-5.0.7.2/lib/rails/templates/rails/welcome/index.html.erb
  Rendered C:/Ruby27-x64/lib/ruby/gems/2.7.0/gems/railties-5.0.7.2/lib/rails/templates/rails/welcome/index.html.erb (5.1ms)
Completed 200 OK in 21ms (Views: 17.3ms | ActiveRecord: 0.0ms)


Started GET "/favicon.ico" for ::1 at 2021-08-26 01:41:50 -0500
  
ActionController::RoutingError (No route matches [GET] "/favicon.ico"):
  
actionpack (5.0.7.2) lib/action_dispatch/middleware/debug_exceptions.rb:53:in `call'
actionpack (5.0.7.2) lib/action_dispatch/middleware/show_exceptions.rb:31:in `call'
railties (5.0.7.2) lib/rails/rack/logger.rb:36:in `call_app'
railties (5.0.7.2) lib/rails/rack/logger.rb:24:in `block in call'
activesupport (5.0.7.2) lib/active_support/tagged_logging.rb:69:in `block in tagged'
activesupport (5.0.7.2) lib/active_support/tagged_logging.rb:26:in `tagged'
activesupport (5.0.7.2) lib/active_support/tagged_logging.rb:69:in `tagged'
railties (5.0.7.2) lib/rails/rack/logger.rb:24:in `call'
actionpack (5.0.7.2) lib/action_dispatch/middleware/request_id.rb:24:in `call'
rack (2.2.3) lib/rack/runtime.rb:22:in `call'
activesupport (5.0.7.2) lib/active_support/cache/strategy/local_cache_middleware.rb:28:in `call'
actionpack (5.0.7.2) lib/action_dispatch/middleware/executor.rb:12:in `call'
actionpack (5.0.7.2) lib/action_dispatch/middleware/static.rb:136:in `call'
rack (2.2.3) lib/rack/sendfile.rb:110:in `call'
railties (5.0.7.2) lib/rails/engine.rb:522:in `call'
puma (3.12.6) lib/puma/configuration.rb:227:in `call'
puma (3.12.6) lib/puma/server.rb:706:in `handle_request'
puma (3.12.6) lib/puma/server.rb:476:in `process_client'
puma (3.12.6) lib/puma/server.rb:334:in `block in run'
puma (3.12.6) lib/puma/thread_pool.rb:135:in `block in spawn_thread'
  [1m[35m (44.3ms)[0m  [1m[35mCREATE TABLE `schema_migrations` (`version` varchar(255) PRIMARY KEY) ENGINE=InnoDB[0m
  [1m[35m (37.6ms)[0m  [1m[35mCREATE TABLE `ar_internal_metadata` (`key` varchar(255) PRIMARY KEY, `value` varchar(255), `created_at` datetime NOT NULL, `updated_at` datetime NOT NULL) ENGINE=InnoDB[0m
  [1m[35m (0.2ms)[0m  [1m[34mSELECT DATABASE() as db[0m
  [1m[35m (1.1ms)[0m  [1m[34mSELECT GET_LOCK('7165468655954889000', 0);[0m
  [1m[36mActiveRecord::SchemaMigration Load (1.5ms)[0m  [1m[34mSELECT `schema_migrations`.* FROM `schema_migrations`[0m
Migrating to CreateInmuebles (20210826064851)
  [1m[35m (44.2ms)[0m  [1m[35mCREATE TABLE `inmuebles` (`id` int AUTO_INCREMENT PRIMARY KEY, `idReal_State` varchar(255), `integer` varchar(255), `name` varchar(255), `type` varchar(255), `street` varchar(255), `external_number` varchar(255), `internal_number` varchar(255), `string` varchar(255), `neighborhood` varchar(255), `city` varchar(255), `country` varchar(255), `rooms` int, `bathrooms` int, `comments` text, `created_at` datetime NOT NULL, `updated_at` datetime NOT NULL) ENGINE=InnoDB[0m
  [1m[35m (0.2ms)[0m  [1m[35mBEGIN[0m
  [1m[35mSQL (2.9ms)[0m  [1m[32mINSERT INTO `schema_migrations` (`version`) VALUES ('20210826064851')[0m
  [1m[35m (2.8ms)[0m  [1m[35mCOMMIT[0m
  [1m[36mActiveRecord::InternalMetadata Load (0.4ms)[0m  [1m[34mSELECT  `ar_internal_metadata`.* FROM `ar_internal_metadata` WHERE `ar_internal_metadata`.`key` = 'environment' LIMIT 1[0m
  [1m[35m (0.2ms)[0m  [1m[35mBEGIN[0m
  [1m[35mSQL (0.8ms)[0m  [1m[32mINSERT INTO `ar_internal_metadata` (`key`, `value`, `created_at`, `updated_at`) VALUES ('environment', 'development', '2021-08-26 07:12:28', '2021-08-26 07:12:28')[0m
  [1m[35m (2.8ms)[0m  [1m[35mCOMMIT[0m
  [1m[35m (1.1ms)[0m  [1m[34mSELECT RELEASE_LOCK('7165468655954889000')[0m
  [1m[36mActiveRecord::SchemaMigration Load (0.7ms)[0m  [1m[34mSELECT `schema_migrations`.* FROM `schema_migrations`[0m
  [1m[35m (0.2ms)[0m  [1m[35mSHOW CREATE TABLE `inmuebles`[0m
  [1m[35m (0.5ms)[0m  [1m[35mSHOW TABLE STATUS LIKE 'inmuebles'[0m
  [1m[35m (0.2ms)[0m  [1m[35mSHOW CREATE TABLE `real_state`[0m
  [1m[35m (0.5ms)[0m  [1m[35mSHOW TABLE STATUS LIKE 'real_state'[0m
  [1m[35m (0.2ms)[0m  [1m[34mSELECT DATABASE() as db[0m
  [1m[35m (0.2ms)[0m  [1m[34mSELECT GET_LOCK('7165468655954889000', 0);[0m
  [1m[36mActiveRecord::SchemaMigration Load (4.2ms)[0m  [1m[34mSELECT `schema_migrations`.* FROM `schema_migrations`[0m
  [1m[36mActiveRecord::InternalMetadata Load (0.3ms)[0m  [1m[34mSELECT  `ar_internal_metadata`.* FROM `ar_internal_metadata` WHERE `ar_internal_metadata`.`key` = 'environment' LIMIT 1[0m
  [1m[35m (0.2ms)[0m  [1m[35mBEGIN[0m
  [1m[35m (0.2ms)[0m  [1m[35mCOMMIT[0m
  [1m[35m (0.2ms)[0m  [1m[34mSELECT RELEASE_LOCK('7165468655954889000')[0m
  [1m[36mActiveRecord::SchemaMigration Load (0.2ms)[0m  [1m[34mSELECT `schema_migrations`.* FROM `schema_migrations`[0m
  [1m[35m (0.2ms)[0m  [1m[35mSHOW CREATE TABLE `inmuebles`[0m
  [1m[35m (0.5ms)[0m  [1m[35mSHOW TABLE STATUS LIKE 'inmuebles'[0m
  [1m[35m (0.2ms)[0m  [1m[35mSHOW CREATE TABLE `real_state`[0m
  [1m[35m (0.5ms)[0m  [1m[35mSHOW TABLE STATUS LIKE 'real_state'[0m
  [1m[35m (0.2ms)[0m  [1m[34mSELECT DATABASE() as db[0m
  [1m[35m (0.2ms)[0m  [1m[34mSELECT GET_LOCK('7165468655954889000', 0);[0m
  [1m[36mActiveRecord::SchemaMigration Load (1.4ms)[0m  [1m[34mSELECT `schema_migrations`.* FROM `schema_migrations`[0m
  [1m[36mActiveRecord::InternalMetadata Load (0.3ms)[0m  [1m[34mSELECT  `ar_internal_metadata`.* FROM `ar_internal_metadata` WHERE `ar_internal_metadata`.`key` = 'environment' LIMIT 1[0m
  [1m[35m (0.2ms)[0m  [1m[35mBEGIN[0m
  [1m[35m (0.2ms)[0m  [1m[35mCOMMIT[0m
  [1m[35m (0.2ms)[0m  [1m[34mSELECT RELEASE_LOCK('7165468655954889000')[0m
  [1m[36mActiveRecord::SchemaMigration Load (0.4ms)[0m  [1m[34mSELECT `schema_migrations`.* FROM `schema_migrations`[0m
  [1m[35m (0.2ms)[0m  [1m[35mSHOW CREATE TABLE `inmuebles`[0m
  [1m[35m (0.5ms)[0m  [1m[35mSHOW TABLE STATUS LIKE 'inmuebles'[0m
  [1m[35m (0.2ms)[0m  [1m[34mSELECT DATABASE() as db[0m
  [1m[35m (0.2ms)[0m  [1m[34mSELECT GET_LOCK('7165468655954889000', 0);[0m
  [1m[36mActiveRecord::SchemaMigration Load (1.4ms)[0m  [1m[34mSELECT `schema_migrations`.* FROM `schema_migrations`[0m
  [1m[36mActiveRecord::InternalMetadata Load (0.3ms)[0m  [1m[34mSELECT  `ar_internal_metadata`.* FROM `ar_internal_metadata` WHERE `ar_internal_metadata`.`key` = 'environment' LIMIT 1[0m
  [1m[35m (0.2ms)[0m  [1m[35mBEGIN[0m
  [1m[35m (0.2ms)[0m  [1m[35mCOMMIT[0m
  [1m[35m (0.2ms)[0m  [1m[34mSELECT RELEASE_LOCK('7165468655954889000')[0m
  [1m[36mActiveRecord::SchemaMigration Load (0.3ms)[0m  [1m[34mSELECT `schema_migrations`.* FROM `schema_migrations`[0m
  [1m[35m (0.2ms)[0m  [1m[35mSHOW CREATE TABLE `inmuebles`[0m
  [1m[35m (0.4ms)[0m  [1m[35mSHOW TABLE STATUS LIKE 'inmuebles'[0m
  [1m[35m (0.2ms)[0m  [1m[34mSELECT DATABASE() as db[0m
  [1m[35m (0.2ms)[0m  [1m[34mSELECT GET_LOCK('7165468655954889000', 0);[0m
  [1m[36mActiveRecord::SchemaMigration Load (1.4ms)[0m  [1m[34mSELECT `schema_migrations`.* FROM `schema_migrations`[0m
  [1m[36mActiveRecord::InternalMetadata Load (0.3ms)[0m  [1m[34mSELECT  `ar_internal_metadata`.* FROM `ar_internal_metadata` WHERE `ar_internal_metadata`.`key` = 'environment' LIMIT 1[0m
  [1m[35m (0.2ms)[0m  [1m[35mBEGIN[0m
  [1m[35m (0.2ms)[0m  [1m[35mCOMMIT[0m
  [1m[35m (0.2ms)[0m  [1m[34mSELECT RELEASE_LOCK('7165468655954889000')[0m
  [1m[36mActiveRecord::SchemaMigration Load (0.3ms)[0m  [1m[34mSELECT `schema_migrations`.* FROM `schema_migrations`[0m
  [1m[35m (0.2ms)[0m  [1m[35mSHOW CREATE TABLE `inmuebles`[0m
  [1m[35m (0.5ms)[0m  [1m[35mSHOW TABLE STATUS LIKE 'inmuebles'[0m
  [1m[36mActiveRecord::SchemaMigration Load (1.8ms)[0m  [1m[34mSELECT `schema_migrations`.* FROM `schema_migrations`[0m
  [1m[36mActiveRecord::SchemaMigration Load (1.4ms)[0m  [1m[34mSELECT `schema_migrations`.* FROM `schema_migrations`[0m
  [1m[36mActiveRecord::SchemaMigration Load (1.8ms)[0m  [1m[34mSELECT `schema_migrations`.* FROM `schema_migrations`[0m
  [1m[36mActiveRecord::SchemaMigration Load (0.5ms)[0m  [1m[34mSELECT `schema_migrations`.* FROM `schema_migrations`[0m
  [1m[36mActiveRecord::SchemaMigration Load (0.4ms)[0m  [1m[34mSELECT `schema_migrations`.* FROM `schema_migrations`[0m
  [1m[36mActiveRecord::SchemaMigration Load (1.4ms)[0m  [1m[34mSELECT `schema_migrations`.* FROM `schema_migrations`[0m
  [1m[36mActiveRecord::SchemaMigration Load (0.4ms)[0m  [1m[34mSELECT `schema_migrations`.* FROM `schema_migrations`[0m
  [1m[36mActiveRecord::SchemaMigration Load (0.4ms)[0m  [1m[34mSELECT `schema_migrations`.* FROM `schema_migrations`[0m
  [1m[36mActiveRecord::SchemaMigration Load (0.4ms)[0m  [1m[34mSELECT `schema_migrations`.* FROM `schema_migrations`[0m
  [1m[35m (0.1ms)[0m  [1m[34mSELECT DATABASE() as db[0m
  [1m[35m (0.1ms)[0m  [1m[34mSELECT GET_LOCK('7165468655954889000', 0);[0m
  [1m[36mActiveRecord::SchemaMigration Load (0.4ms)[0m  [1m[34mSELECT `schema_migrations`.* FROM `schema_migrations`[0m
Migrating to CreateProperties (20210826064407)
  [1m[35m (41.6ms)[0m  [1m[35mCREATE TABLE `properties` (`id` int AUTO_INCREMENT PRIMARY KEY, `created_at` datetime NOT NULL, `updated_at` datetime NOT NULL) ENGINE=InnoDB[0m
  [1m[35m (0.3ms)[0m  [1m[35mBEGIN[0m
  [1m[35mSQL (0.8ms)[0m  [1m[32mINSERT INTO `schema_migrations` (`version`) VALUES ('20210826064407')[0m
  [1m[35m (3.1ms)[0m  [1m[35mCOMMIT[0m
  [1m[36mActiveRecord::InternalMetadata Load (0.4ms)[0m  [1m[34mSELECT  `ar_internal_metadata`.* FROM `ar_internal_metadata` WHERE `ar_internal_metadata`.`key` = 'environment' LIMIT 1[0m
  [1m[35m (0.2ms)[0m  [1m[35mBEGIN[0m
  [1m[35m (0.2ms)[0m  [1m[35mCOMMIT[0m
  [1m[35m (0.2ms)[0m  [1m[34mSELECT RELEASE_LOCK('7165468655954889000')[0m
  [1m[36mActiveRecord::SchemaMigration Load (0.3ms)[0m  [1m[34mSELECT `schema_migrations`.* FROM `schema_migrations`[0m
  [1m[35m (0.2ms)[0m  [1m[35mSHOW CREATE TABLE `inmuebles`[0m
  [1m[35m (0.5ms)[0m  [1m[35mSHOW TABLE STATUS LIKE 'inmuebles'[0m
  [1m[35m (0.2ms)[0m  [1m[35mSHOW CREATE TABLE `properties`[0m
  [1m[35m (0.1ms)[0m  [1m[34mSELECT DATABASE() as db[0m
  [1m[35m (0.2ms)[0m  [1m[34mSELECT GET_LOCK('7165468655954889000', 0);[0m
  [1m[36mActiveRecord::SchemaMigration Load (0.4ms)[0m  [1m[34mSELECT `schema_migrations`.* FROM `schema_migrations`[0m
  [1m[36mActiveRecord::InternalMetadata Load (0.3ms)[0m  [1m[34mSELECT  `ar_internal_metadata`.* FROM `ar_internal_metadata` WHERE `ar_internal_metadata`.`key` = 'environment' LIMIT 1[0m
  [1m[35m (0.2ms)[0m  [1m[35mBEGIN[0m
  [1m[35m (0.2ms)[0m  [1m[35mCOMMIT[0m
  [1m[35m (0.2ms)[0m  [1m[34mSELECT RELEASE_LOCK('7165468655954889000')[0m
  [1m[36mActiveRecord::SchemaMigration Load (0.2ms)[0m  [1m[34mSELECT `schema_migrations`.* FROM `schema_migrations`[0m
  [1m[35m (0.2ms)[0m  [1m[35mSHOW CREATE TABLE `inmuebles`[0m
  [1m[35m (0.4ms)[0m  [1m[35mSHOW TABLE STATUS LIKE 'inmuebles'[0m
  [1m[35m (0.2ms)[0m  [1m[35mSHOW CREATE TABLE `properties`[0m
  [1m[36mActiveRecord::SchemaMigration Load (1.8ms)[0m  [1m[34mSELECT `schema_migrations`.* FROM `schema_migrations`[0m
  [1m[36mActiveRecord::SchemaMigration Load (0.4ms)[0m  [1m[34mSELECT `schema_migrations`.* FROM `schema_migrations`[0m
  [1m[36mActiveRecord::SchemaMigration Load (2.3ms)[0m  [1m[34mSELECT `schema_migrations`.* FROM `schema_migrations`[0m
  [1m[36mActiveRecord::SchemaMigration Load (1.4ms)[0m  [1m[34mSELECT `schema_migrations`.* FROM `schema_migrations`[0m
  [1m[36mActiveRecord::SchemaMigration Load (2.3ms)[0m  [1m[34mSELECT `schema_migrations`.* FROM `schema_migrations`[0m
  [1m[35m (0.1ms)[0m  [1m[34mSELECT DATABASE() as db[0m
  [1m[35m (0.2ms)[0m  [1m[34mSELECT GET_LOCK('7165468655954889000', 0);[0m
  [1m[36mActiveRecord::SchemaMigration Load (2.2ms)[0m  [1m[34mSELECT `schema_migrations`.* FROM `schema_migrations`[0m
  [1m[36mActiveRecord::InternalMetadata Load (0.4ms)[0m  [1m[34mSELECT  `ar_internal_metadata`.* FROM `ar_internal_metadata` WHERE `ar_internal_metadata`.`key` = 'environment' LIMIT 1[0m
  [1m[35m (0.4ms)[0m  [1m[35mBEGIN[0m
  [1m[35m (0.2ms)[0m  [1m[35mCOMMIT[0m
  [1m[35m (0.2ms)[0m  [1m[34mSELECT RELEASE_LOCK('7165468655954889000')[0m
  [1m[36mActiveRecord::SchemaMigration Load (0.2ms)[0m  [1m[34mSELECT `schema_migrations`.* FROM `schema_migrations`[0m
  [1m[35m (0.1ms)[0m  [1m[35mSHOW CREATE TABLE `inmuebles`[0m
  [1m[35m (0.4ms)[0m  [1m[35mSHOW TABLE STATUS LIKE 'inmuebles'[0m
  [1m[36mActiveRecord::SchemaMigration Load (0.7ms)[0m  [1m[34mSELECT `schema_migrations`.* FROM `schema_migrations`[0m
  [1m[35m (0.1ms)[0m  [1m[34mSELECT DATABASE() as db[0m
  [1m[35m (0.1ms)[0m  [1m[34mSELECT GET_LOCK('7165468655954889000', 0);[0m
  [1m[36mActiveRecord::SchemaMigration Load (0.8ms)[0m  [1m[34mSELECT `schema_migrations`.* FROM `schema_migrations`[0m
  [1m[36mActiveRecord::InternalMetadata Load (0.3ms)[0m  [1m[34mSELECT  `ar_internal_metadata`.* FROM `ar_internal_metadata` WHERE `ar_internal_metadata`.`key` = 'environment' LIMIT 1[0m
  [1m[35m (0.3ms)[0m  [1m[35mBEGIN[0m
  [1m[35m (0.2ms)[0m  [1m[35mCOMMIT[0m
  [1m[35m (0.2ms)[0m  [1m[34mSELECT RELEASE_LOCK('7165468655954889000')[0m
  [1m[36mActiveRecord::SchemaMigration Load (0.4ms)[0m  [1m[34mSELECT `schema_migrations`.* FROM `schema_migrations`[0m
  [1m[35m (0.3ms)[0m  [1m[35mSHOW CREATE TABLE `inmuebles`[0m
  [1m[35m (0.6ms)[0m  [1m[35mSHOW TABLE STATUS LIKE 'inmuebles'[0m
  [1m[35m (0.2ms)[0m  [1m[34mSELECT DATABASE() as db[0m
  [1m[35m (0.3ms)[0m  [1m[34mSELECT GET_LOCK('7165468655954889000', 0);[0m
  [1m[36mActiveRecord::SchemaMigration Load (0.5ms)[0m  [1m[34mSELECT `schema_migrations`.* FROM `schema_migrations`[0m
  [1m[36mActiveRecord::InternalMetadata Load (0.5ms)[0m  [1m[34mSELECT  `ar_internal_metadata`.* FROM `ar_internal_metadata` WHERE `ar_internal_metadata`.`key` = 'environment' LIMIT 1[0m
  [1m[35m (0.3ms)[0m  [1m[35mBEGIN[0m
  [1m[35m (0.2ms)[0m  [1m[35mCOMMIT[0m
  [1m[35m (0.3ms)[0m  [1m[34mSELECT RELEASE_LOCK('7165468655954889000')[0m
  [1m[36mActiveRecord::SchemaMigration Load (0.3ms)[0m  [1m[34mSELECT `schema_migrations`.* FROM `schema_migrations`[0m
  [1m[35m (0.2ms)[0m  [1m[35mSHOW CREATE TABLE `inmueble`[0m
  [1m[35m (0.6ms)[0m  [1m[35mSHOW TABLE STATUS LIKE 'inmueble'[0m
  [1m[36mActiveRecord::SchemaMigration Load (0.5ms)[0m  [1m[34mSELECT `schema_migrations`.* FROM `schema_migrations`[0m
  [1m[36mActiveRecord::SchemaMigration Load (0.6ms)[0m  [1m[34mSELECT `schema_migrations`.* FROM `schema_migrations`[0m
  [1m[35m (0.2ms)[0m  [1m[34mSELECT DATABASE() as db[0m
  [1m[35m (0.2ms)[0m  [1m[34mSELECT GET_LOCK('7165468655954889000', 0);[0m
  [1m[36mActiveRecord::SchemaMigration Load (0.4ms)[0m  [1m[34mSELECT `schema_migrations`.* FROM `schema_migrations`[0m
  [1m[36mActiveRecord::InternalMetadata Load (0.3ms)[0m  [1m[34mSELECT  `ar_internal_metadata`.* FROM `ar_internal_metadata` WHERE `ar_internal_metadata`.`key` = 'environment' LIMIT 1[0m
  [1m[35m (0.1ms)[0m  [1m[35mBEGIN[0m
  [1m[35m (0.1ms)[0m  [1m[35mCOMMIT[0m
  [1m[35m (0.1ms)[0m  [1m[34mSELECT RELEASE_LOCK('7165468655954889000')[0m
  [1m[36mActiveRecord::SchemaMigration Load (0.2ms)[0m  [1m[34mSELECT `schema_migrations`.* FROM `schema_migrations`[0m
  [1m[35m (0.1ms)[0m  [1m[35mSHOW CREATE TABLE `inmueble`[0m
  [1m[35m (0.4ms)[0m  [1m[35mSHOW TABLE STATUS LIKE 'inmueble'[0m
  [1m[36mActiveRecord::SchemaMigration Load (0.6ms)[0m  [1m[34mSELECT `schema_migrations`.* FROM `schema_migrations`[0m
  [1m[36mActiveRecord::SchemaMigration Load (0.3ms)[0m  [1m[34mSELECT `schema_migrations`.* FROM `schema_migrations`[0m
  [1m[35m (0.1ms)[0m  [1m[34mSELECT DATABASE() as db[0m
  [1m[35m (0.2ms)[0m  [1m[34mSELECT GET_LOCK('7165468655954889000', 0);[0m
  [1m[36mActiveRecord::SchemaMigration Load (0.4ms)[0m  [1m[34mSELECT `schema_migrations`.* FROM `schema_migrations`[0m
  [1m[36mActiveRecord::InternalMetadata Load (0.3ms)[0m  [1m[34mSELECT  `ar_internal_metadata`.* FROM `ar_internal_metadata` WHERE `ar_internal_metadata`.`key` = 'environment' LIMIT 1[0m
  [1m[35m (0.2ms)[0m  [1m[35mBEGIN[0m
  [1m[35m (0.2ms)[0m  [1m[35mCOMMIT[0m
  [1m[35m (0.2ms)[0m  [1m[34mSELECT RELEASE_LOCK('7165468655954889000')[0m
  [1m[36mActiveRecord::SchemaMigration Load (0.2ms)[0m  [1m[34mSELECT `schema_migrations`.* FROM `schema_migrations`[0m
  [1m[35m (0.2ms)[0m  [1m[35mSHOW CREATE TABLE `inmueble`[0m
  [1m[35m (0.5ms)[0m  [1m[35mSHOW TABLE STATUS LIKE 'inmueble'[0m
  [1m[36mActiveRecord::SchemaMigration Load (0.4ms)[0m  [1m[34mSELECT `schema_migrations`.* FROM `schema_migrations`[0m
  [1m[36mActiveRecord::SchemaMigration Load (0.3ms)[0m  [1m[34mSELECT `schema_migrations`.* FROM `schema_migrations`[0m
  [1m[36mActiveRecord::SchemaMigration Load (0.3ms)[0m  [1m[34mSELECT `schema_migrations`.* FROM `schema_migrations`[0m
  [1m[36mActiveRecord::SchemaMigration Load (0.4ms)[0m  [1m[34mSELECT `schema_migrations`.* FROM `schema_migrations`[0m
  [1m[36mActiveRecord::SchemaMigration Load (0.4ms)[0m  [1m[34mSELECT `schema_migrations`.* FROM `schema_migrations`[0m
  [1m[35m (0.1ms)[0m  [1m[34mSELECT DATABASE() as db[0m
  [1m[35m (0.1ms)[0m  [1m[34mSELECT GET_LOCK('7165468655954889000', 0);[0m
  [1m[36mActiveRecord::SchemaMigration Load (0.3ms)[0m  [1m[34mSELECT `schema_migrations`.* FROM `schema_migrations`[0m
  [1m[36mActiveRecord::InternalMetadata Load (0.3ms)[0m  [1m[34mSELECT  `ar_internal_metadata`.* FROM `ar_internal_metadata` WHERE `ar_internal_metadata`.`key` = 'environment' LIMIT 1[0m
  [1m[35m (0.2ms)[0m  [1m[35mBEGIN[0m
  [1m[35m (0.1ms)[0m  [1m[35mCOMMIT[0m
  [1m[35m (0.1ms)[0m  [1m[34mSELECT RELEASE_LOCK('7165468655954889000')[0m
  [1m[36mActiveRecord::SchemaMigration Load (0.2ms)[0m  [1m[34mSELECT `schema_migrations`.* FROM `schema_migrations`[0m
  [1m[35m (0.2ms)[0m  [1m[35mSHOW CREATE TABLE `inmueble`[0m
  [1m[35m (0.4ms)[0m  [1m[35mSHOW TABLE STATUS LIKE 'inmueble'[0m
  [1m[36mActiveRecord::SchemaMigration Load (0.4ms)[0m  [1m[34mSELECT `schema_migrations`.* FROM `schema_migrations`[0m
  [1m[35m (0.2ms)[0m  [1m[34mSELECT DATABASE() as db[0m
  [1m[35m (0.2ms)[0m  [1m[34mSELECT GET_LOCK('7165468655954889000', 0);[0m
  [1m[36mActiveRecord::SchemaMigration Load (0.4ms)[0m  [1m[34mSELECT `schema_migrations`.* FROM `schema_migrations`[0m
  [1m[36mActiveRecord::InternalMetadata Load (0.3ms)[0m  [1m[34mSELECT  `ar_internal_metadata`.* FROM `ar_internal_metadata` WHERE `ar_internal_metadata`.`key` = 'environment' LIMIT 1[0m
  [1m[35m (0.2ms)[0m  [1m[35mBEGIN[0m
  [1m[35m (0.2ms)[0m  [1m[35mCOMMIT[0m
  [1m[35m (0.2ms)[0m  [1m[34mSELECT RELEASE_LOCK('7165468655954889000')[0m
  [1m[36mActiveRecord::SchemaMigration Load (0.2ms)[0m  [1m[34mSELECT `schema_migrations`.* FROM `schema_migrations`[0m
  [1m[35m (0.2ms)[0m  [1m[35mSHOW CREATE TABLE `inmuebles`[0m
  [1m[35m (0.5ms)[0m  [1m[35mSHOW TABLE STATUS LIKE 'inmuebles'[0m
  [1m[36mActiveRecord::SchemaMigration Load (0.4ms)[0m  [1m[34mSELECT `schema_migrations`.* FROM `schema_migrations`[0m
  [1m[36mActiveRecord::SchemaMigration Load (0.3ms)[0m  [1m[34mSELECT `schema_migrations`.* FROM `schema_migrations`[0m
  [1m[35m (0.1ms)[0m  [1m[34mSELECT DATABASE() as db[0m
  [1m[35m (0.2ms)[0m  [1m[34mSELECT GET_LOCK('7165468655954889000', 0);[0m
  [1m[36mActiveRecord::SchemaMigration Load (0.4ms)[0m  [1m[34mSELECT `schema_migrations`.* FROM `schema_migrations`[0m
  [1m[36mActiveRecord::InternalMetadata Load (0.3ms)[0m  [1m[34mSELECT  `ar_internal_metadata`.* FROM `ar_internal_metadata` WHERE `ar_internal_metadata`.`key` = 'environment' LIMIT 1[0m
  [1m[35m (0.2ms)[0m  [1m[35mBEGIN[0m
  [1m[35m (0.2ms)[0m  [1m[35mCOMMIT[0m
  [1m[35m (0.2ms)[0m  [1m[34mSELECT RELEASE_LOCK('7165468655954889000')[0m
  [1m[36mActiveRecord::SchemaMigration Load (0.2ms)[0m  [1m[34mSELECT `schema_migrations`.* FROM `schema_migrations`[0m
  [1m[35m (0.2ms)[0m  [1m[35mSHOW CREATE TABLE `inmuebles`[0m
  [1m[35m (0.4ms)[0m  [1m[35mSHOW TABLE STATUS LIKE 'inmuebles'[0m
  [1m[36mActiveRecord::SchemaMigration Load (0.4ms)[0m  [1m[34mSELECT `schema_migrations`.* FROM `schema_migrations`[0m
  [1m[35m (0.2ms)[0m  [1m[34mSELECT DATABASE() as db[0m
  [1m[35m (0.2ms)[0m  [1m[34mSELECT GET_LOCK('7165468655954889000', 0);[0m
  [1m[36mActiveRecord::SchemaMigration Load (0.4ms)[0m  [1m[34mSELECT `schema_migrations`.* FROM `schema_migrations`[0m
  [1m[36mActiveRecord::InternalMetadata Load (0.3ms)[0m  [1m[34mSELECT  `ar_internal_metadata`.* FROM `ar_internal_metadata` WHERE `ar_internal_metadata`.`key` = 'environment' LIMIT 1[0m
  [1m[35m (0.2ms)[0m  [1m[35mBEGIN[0m
  [1m[35m (0.2ms)[0m  [1m[35mCOMMIT[0m
  [1m[35m (0.2ms)[0m  [1m[34mSELECT RELEASE_LOCK('7165468655954889000')[0m
  [1m[36mActiveRecord::SchemaMigration Load (0.3ms)[0m  [1m[34mSELECT `schema_migrations`.* FROM `schema_migrations`[0m
  [1m[36mActiveRecord::SchemaMigration Load (2.0ms)[0m  [1m[34mSELECT `schema_migrations`.* FROM `schema_migrations`[0m
  [1m[36mActiveRecord::SchemaMigration Load (0.4ms)[0m  [1m[34mSELECT `schema_migrations`.* FROM `schema_migrations`[0m
  [1m[36mActiveRecord::SchemaMigration Load (0.4ms)[0m  [1m[34mSELECT `schema_migrations`.* FROM `schema_migrations`[0m
  [1m[35m (0.2ms)[0m  [1m[34mSELECT DATABASE() as db[0m
  [1m[35m (0.2ms)[0m  [1m[34mSELECT GET_LOCK('7165468655954889000', 0);[0m
  [1m[36mActiveRecord::SchemaMigration Load (0.4ms)[0m  [1m[34mSELECT `schema_migrations`.* FROM `schema_migrations`[0m
  [1m[36mActiveRecord::InternalMetadata Load (0.3ms)[0m  [1m[34mSELECT  `ar_internal_metadata`.* FROM `ar_internal_metadata` WHERE `ar_internal_metadata`.`key` = 'environment' LIMIT 1[0m
  [1m[35m (0.2ms)[0m  [1m[35mBEGIN[0m
  [1m[35m (0.2ms)[0m  [1m[35mCOMMIT[0m
  [1m[35m (0.2ms)[0m  [1m[34mSELECT RELEASE_LOCK('7165468655954889000')[0m
  [1m[36mActiveRecord::SchemaMigration Load (0.3ms)[0m  [1m[34mSELECT `schema_migrations`.* FROM `schema_migrations`[0m
  [1m[35m (0.2ms)[0m  [1m[34mSELECT DATABASE() as db[0m
  [1m[35m (0.2ms)[0m  [1m[34mSELECT GET_LOCK('7165468655954889000', 0);[0m
  [1m[36mActiveRecord::SchemaMigration Load (2.8ms)[0m  [1m[34mSELECT `schema_migrations`.* FROM `schema_migrations`[0m
  [1m[36mActiveRecord::InternalMetadata Load (0.4ms)[0m  [1m[34mSELECT  `ar_internal_metadata`.* FROM `ar_internal_metadata` WHERE `ar_internal_metadata`.`key` = 'environment' LIMIT 1[0m
  [1m[35m (0.2ms)[0m  [1m[35mBEGIN[0m
  [1m[35m (0.2ms)[0m  [1m[35mCOMMIT[0m
  [1m[35m (0.2ms)[0m  [1m[34mSELECT RELEASE_LOCK('7165468655954889000')[0m
  [1m[36mActiveRecord::SchemaMigration Load (0.2ms)[0m  [1m[34mSELECT `schema_migrations`.* FROM `schema_migrations`[0m
  [1m[35m (0.2ms)[0m  [1m[34mSELECT DATABASE() as db[0m
  [1m[35m (0.2ms)[0m  [1m[34mSELECT GET_LOCK('7165468655954889000', 0);[0m
  [1m[36mActiveRecord::SchemaMigration Load (0.4ms)[0m  [1m[34mSELECT `schema_migrations`.* FROM `schema_migrations`[0m
  [1m[36mActiveRecord::InternalMetadata Load (0.3ms)[0m  [1m[34mSELECT  `ar_internal_metadata`.* FROM `ar_internal_metadata` WHERE `ar_internal_metadata`.`key` = 'environment' LIMIT 1[0m
  [1m[35m (0.2ms)[0m  [1m[35mBEGIN[0m
  [1m[35m (0.2ms)[0m  [1m[35mCOMMIT[0m
  [1m[35m (0.2ms)[0m  [1m[34mSELECT RELEASE_LOCK('7165468655954889000')[0m
  [1m[36mActiveRecord::SchemaMigration Load (0.2ms)[0m  [1m[34mSELECT `schema_migrations`.* FROM `schema_migrations`[0m
  [1m[35m (0.2ms)[0m  [1m[34mSELECT DATABASE() as db[0m
  [1m[35m (0.2ms)[0m  [1m[34mSELECT GET_LOCK('7165468655954889000', 0);[0m
  [1m[36mActiveRecord::SchemaMigration Load (0.4ms)[0m  [1m[34mSELECT `schema_migrations`.* FROM `schema_migrations`[0m
  [1m[36mActiveRecord::InternalMetadata Load (0.3ms)[0m  [1m[34mSELECT  `ar_internal_metadata`.* FROM `ar_internal_metadata` WHERE `ar_internal_metadata`.`key` = 'environment' LIMIT 1[0m
  [1m[35m (0.2ms)[0m  [1m[35mBEGIN[0m
  [1m[35m (0.2ms)[0m  [1m[35mCOMMIT[0m
  [1m[35m (0.2ms)[0m  [1m[34mSELECT RELEASE_LOCK('7165468655954889000')[0m
  [1m[36mActiveRecord::SchemaMigration Load (0.2ms)[0m  [1m[34mSELECT `schema_migrations`.* FROM `schema_migrations`[0m
  [1m[36mActiveRecord::SchemaMigration Load (0.4ms)[0m  [1m[34mSELECT `schema_migrations`.* FROM `schema_migrations`[0m
  [1m[36mActiveRecord::SchemaMigration Load (0.4ms)[0m  [1m[34mSELECT `schema_migrations`.* FROM `schema_migrations`[0m
  [1m[36mActiveRecord::SchemaMigration Load (0.4ms)[0m  [1m[34mSELECT `schema_migrations`.* FROM `schema_migrations`[0m
  [1m[35m (0.2ms)[0m  [1m[34mSELECT DATABASE() as db[0m
  [1m[35m (0.2ms)[0m  [1m[34mSELECT GET_LOCK('7165468655954889000', 0);[0m
  [1m[36mActiveRecord::SchemaMigration Load (0.4ms)[0m  [1m[34mSELECT `schema_migrations`.* FROM `schema_migrations`[0m
  [1m[36mActiveRecord::InternalMetadata Load (0.3ms)[0m  [1m[34mSELECT  `ar_internal_metadata`.* FROM `ar_internal_metadata` WHERE `ar_internal_metadata`.`key` = 'environment' LIMIT 1[0m
  [1m[35m (0.2ms)[0m  [1m[35mBEGIN[0m
  [1m[35m (0.2ms)[0m  [1m[35mCOMMIT[0m
  [1m[35m (0.2ms)[0m  [1m[34mSELECT RELEASE_LOCK('7165468655954889000')[0m
  [1m[36mActiveRecord::SchemaMigration Load (0.2ms)[0m  [1m[34mSELECT `schema_migrations`.* FROM `schema_migrations`[0m
  [1m[35m (0.2ms)[0m  [1m[35mSHOW CREATE TABLE `inmueble`[0m
  [1m[35m (0.5ms)[0m  [1m[35mSHOW TABLE STATUS LIKE 'inmueble'[0m
  [1m[36mActiveRecord::SchemaMigration Load (0.4ms)[0m  [1m[34mSELECT `schema_migrations`.* FROM `schema_migrations`[0m
  [1m[35m (0.2ms)[0m  [1m[34mSELECT DATABASE() as db[0m
  [1m[35m (0.2ms)[0m  [1m[34mSELECT GET_LOCK('7165468655954889000', 0);[0m
  [1m[36mActiveRecord::SchemaMigration Load (0.4ms)[0m  [1m[34mSELECT `schema_migrations`.* FROM `schema_migrations`[0m
Migrating to CreateInmuebles (20210826153119)
  [1m[35m (0.2ms)[0m  [1m[34mSELECT RELEASE_LOCK('7165468655954889000')[0m
  [1m[35m (0.1ms)[0m  [1m[34mSELECT DATABASE() as db[0m
  [1m[35m (0.2ms)[0m  [1m[34mSELECT GET_LOCK('7165468655954889000', 0);[0m
  [1m[36mActiveRecord::SchemaMigration Load (0.3ms)[0m  [1m[34mSELECT `schema_migrations`.* FROM `schema_migrations`[0m
Migrating to CreateInmuebles (20210826153119)
  [1m[35m (43.2ms)[0m  [1m[35mCREATE TABLE `inmuebles` (`id` int AUTO_INCREMENT PRIMARY KEY, `name` varchar(255), `type` varchar(255), `street` varchar(255), `external_number` varchar(255), `internal_number` varchar(255), `neighborhood` varchar(255), `city` varchar(255), `country` varchar(255), `rooms` int, `bathrooms` int, `comments` varchar(255), `created_at` datetime NOT NULL, `updated_at` datetime NOT NULL) ENGINE=InnoDB[0m
  [1m[35m (0.2ms)[0m  [1m[35mBEGIN[0m
  [1m[35mSQL (0.6ms)[0m  [1m[32mINSERT INTO `schema_migrations` (`version`) VALUES ('20210826153119')[0m
  [1m[35m (2.6ms)[0m  [1m[35mCOMMIT[0m
  [1m[36mActiveRecord::InternalMetadata Load (0.3ms)[0m  [1m[34mSELECT  `ar_internal_metadata`.* FROM `ar_internal_metadata` WHERE `ar_internal_metadata`.`key` = 'environment' LIMIT 1[0m
  [1m[35m (0.2ms)[0m  [1m[35mBEGIN[0m
  [1m[35m (0.2ms)[0m  [1m[35mCOMMIT[0m
  [1m[35m (0.2ms)[0m  [1m[34mSELECT RELEASE_LOCK('7165468655954889000')[0m
  [1m[36mActiveRecord::SchemaMigration Load (0.2ms)[0m  [1m[34mSELECT `schema_migrations`.* FROM `schema_migrations`[0m
  [1m[35m (0.2ms)[0m  [1m[35mSHOW CREATE TABLE `inmuebles`[0m
  [1m[35m (0.5ms)[0m  [1m[35mSHOW TABLE STATUS LIKE 'inmuebles'[0m
  [1m[35m (0.2ms)[0m  [1m[34mSELECT DATABASE() as db[0m
  [1m[35m (0.2ms)[0m  [1m[34mSELECT GET_LOCK('7165468655954889000', 0);[0m
  [1m[36mActiveRecord::SchemaMigration Load (0.4ms)[0m  [1m[34mSELECT `schema_migrations`.* FROM `schema_migrations`[0m
  [1m[36mActiveRecord::InternalMetadata Load (0.3ms)[0m  [1m[34mSELECT  `ar_internal_metadata`.* FROM `ar_internal_metadata` WHERE `ar_internal_metadata`.`key` = 'environment' LIMIT 1[0m
  [1m[35m (0.3ms)[0m  [1m[35mBEGIN[0m
  [1m[35m (0.2ms)[0m  [1m[35mCOMMIT[0m
  [1m[35m (0.2ms)[0m  [1m[34mSELECT RELEASE_LOCK('7165468655954889000')[0m
  [1m[36mActiveRecord::SchemaMigration Load (0.3ms)[0m  [1m[34mSELECT `schema_migrations`.* FROM `schema_migrations`[0m
  [1m[35m (0.2ms)[0m  [1m[35mSHOW CREATE TABLE `inmuebles`[0m
  [1m[35m (0.5ms)[0m  [1m[35mSHOW TABLE STATUS LIKE 'inmuebles'[0m
  [1m[36mActiveRecord::SchemaMigration Load (0.4ms)[0m  [1m[34mSELECT `schema_migrations`.* FROM `schema_migrations`[0m
  [1m[36mActiveRecord::SchemaMigration Load (0.4ms)[0m  [1m[34mSELECT `schema_migrations`.* FROM `schema_migrations`[0m
  [1m[35m (0.1ms)[0m  [1m[34mSELECT DATABASE() as db[0m
  [1m[35m (0.2ms)[0m  [1m[34mSELECT GET_LOCK('7165468655954889000', 0);[0m
  [1m[36mActiveRecord::SchemaMigration Load (0.4ms)[0m  [1m[34mSELECT `schema_migrations`.* FROM `schema_migrations`[0m
  [1m[36mActiveRecord::InternalMetadata Load (0.3ms)[0m  [1m[34mSELECT  `ar_internal_metadata`.* FROM `ar_internal_metadata` WHERE `ar_internal_metadata`.`key` = 'environment' LIMIT 1[0m
  [1m[35m (0.2ms)[0m  [1m[35mBEGIN[0m
  [1m[35m (0.2ms)[0m  [1m[35mCOMMIT[0m
  [1m[35m (0.2ms)[0m  [1m[34mSELECT RELEASE_LOCK('7165468655954889000')[0m
  [1m[36mActiveRecord::SchemaMigration Load (0.2ms)[0m  [1m[34mSELECT `schema_migrations`.* FROM `schema_migrations`[0m
  [1m[35m (0.2ms)[0m  [1m[35mSHOW CREATE TABLE `inmuebles`[0m
  [1m[35m (0.5ms)[0m  [1m[35mSHOW TABLE STATUS LIKE 'inmuebles'[0m
  [1m[36mActiveRecord::SchemaMigration Load (0.4ms)[0m  [1m[34mSELECT `schema_migrations`.* FROM `schema_migrations`[0m
  [1m[36mActiveRecord::SchemaMigration Load (0.5ms)[0m  [1m[34mSELECT `schema_migrations`.* FROM `schema_migrations`[0m
  [1m[36mActiveRecord::SchemaMigration Load (0.5ms)[0m  [1m[34mSELECT `schema_migrations`.* FROM `schema_migrations`[0m
  [1m[36mActiveRecord::SchemaMigration Load (2.1ms)[0m  [1m[34mSELECT `schema_migrations`.* FROM `schema_migrations`[0m
  [1m[36mActiveRecord::SchemaMigration Load (0.4ms)[0m  [1m[34mSELECT `schema_migrations`.* FROM `schema_migrations`[0m
  [1m[35m (0.2ms)[0m  [1m[34mSELECT DATABASE() as db[0m
  [1m[35m (0.2ms)[0m  [1m[34mSELECT GET_LOCK('7165468655954889000', 0);[0m
  [1m[36mActiveRecord::SchemaMigration Load (0.4ms)[0m  [1m[34mSELECT `schema_migrations`.* FROM `schema_migrations`[0m
  [1m[36mActiveRecord::InternalMetadata Load (0.3ms)[0m  [1m[34mSELECT  `ar_internal_metadata`.* FROM `ar_internal_metadata` WHERE `ar_internal_metadata`.`key` = 'environment' LIMIT 1[0m
  [1m[35m (0.2ms)[0m  [1m[35mBEGIN[0m
  [1m[35m (0.2ms)[0m  [1m[35mCOMMIT[0m
  [1m[35m (0.2ms)[0m  [1m[34mSELECT RELEASE_LOCK('7165468655954889000')[0m
  [1m[36mActiveRecord::SchemaMigration Load (0.3ms)[0m  [1m[34mSELECT `schema_migrations`.* FROM `schema_migrations`[0m
  [1m[35m (0.2ms)[0m  [1m[35mSHOW CREATE TABLE `inmuebles`[0m
  [1m[35m (0.4ms)[0m  [1m[35mSHOW TABLE STATUS LIKE 'inmuebles'[0m
  [1m[36mActiveRecord::SchemaMigration Load (0.4ms)[0m  [1m[34mSELECT `schema_migrations`.* FROM `schema_migrations`[0m
  [1m[36mActiveRecord::SchemaMigration Load (0.4ms)[0m  [1m[34mSELECT `schema_migrations`.* FROM `schema_migrations`[0m
  [1m[36mActiveRecord::SchemaMigration Load (0.4ms)[0m  [1m[34mSELECT `schema_migrations`.* FROM `schema_migrations`[0m
  [1m[36mActiveRecord::SchemaMigration Load (2.1ms)[0m  [1m[34mSELECT `schema_migrations`.* FROM `schema_migrations`[0m
  [1m[35m (0.3ms)[0m  [1m[34mSELECT `ar_internal_metadata`.`value` FROM `ar_internal_metadata` WHERE `ar_internal_metadata`.`key` = 'environment'[0m
  [1m[36mActiveRecord::SchemaMigration Load (0.2ms)[0m  [1m[34mSELECT `schema_migrations`.* FROM `schema_migrations`[0m
  [1m[35m (0.3ms)[0m  [1m[34mSELECT `ar_internal_metadata`.`value` FROM `ar_internal_metadata` WHERE `ar_internal_metadata`.`key` = 'environment'[0m
  [1m[36mActiveRecord::SchemaMigration Load (0.2ms)[0m  [1m[34mSELECT `schema_migrations`.* FROM `schema_migrations`[0m
  [1m[35m (0.3ms)[0m  [1m[34mSELECT `ar_internal_metadata`.`value` FROM `ar_internal_metadata` WHERE `ar_internal_metadata`.`key` = 'environment'[0m
  [1m[35m (49.0ms)[0m  [1m[35mDROP DATABASE IF EXISTS `real_state`[0m
  [1m[35m (47.6ms)[0m  [1m[35mCREATE TABLE `schema_migrations` (`version` varchar(255) PRIMARY KEY) ENGINE=InnoDB[0m
  [1m[35m (38.7ms)[0m  [1m[35mCREATE TABLE `ar_internal_metadata` (`key` varchar(255) PRIMARY KEY, `value` varchar(255), `created_at` datetime NOT NULL, `updated_at` datetime NOT NULL) ENGINE=InnoDB[0m
  [1m[35m (0.2ms)[0m  [1m[34mSELECT DATABASE() as db[0m
  [1m[35m (0.2ms)[0m  [1m[34mSELECT GET_LOCK('7165468655954889000', 0);[0m
  [1m[36mActiveRecord::SchemaMigration Load (1.4ms)[0m  [1m[34mSELECT `schema_migrations`.* FROM `schema_migrations`[0m
Migrating to CreateInmuebles (20210826153119)
  [1m[35m (42.7ms)[0m  [1m[35mCREATE TABLE `inmuebles` (`id` int AUTO_INCREMENT PRIMARY KEY, `name` varchar(255), `type` varchar(255), `street` varchar(255), `external_number` varchar(255), `internal_number` varchar(255), `neighborhood` varchar(255), `city` varchar(255), `country` varchar(255), `rooms` int, `bathrooms` int, `comments` varchar(255), `created_at` datetime NOT NULL, `updated_at` datetime NOT NULL) ENGINE=InnoDB[0m
  [1m[35m (0.2ms)[0m  [1m[35mBEGIN[0m
  [1m[35mSQL (0.3ms)[0m  [1m[32mINSERT INTO `schema_migrations` (`version`) VALUES ('20210826153119')[0m
  [1m[35m (2.6ms)[0m  [1m[35mCOMMIT[0m
  [1m[36mActiveRecord::InternalMetadata Load (0.5ms)[0m  [1m[34mSELECT  `ar_internal_metadata`.* FROM `ar_internal_metadata` WHERE `ar_internal_metadata`.`key` = 'environment' LIMIT 1[0m
  [1m[35m (0.2ms)[0m  [1m[35mBEGIN[0m
  [1m[35mSQL (0.4ms)[0m  [1m[32mINSERT INTO `ar_internal_metadata` (`key`, `value`, `created_at`, `updated_at`) VALUES ('environment', 'development', '2021-08-26 15:52:14', '2021-08-26 15:52:14')[0m
  [1m[35m (2.9ms)[0m  [1m[35mCOMMIT[0m
  [1m[35m (0.3ms)[0m  [1m[34mSELECT RELEASE_LOCK('7165468655954889000')[0m
  [1m[36mActiveRecord::SchemaMigration Load (0.5ms)[0m  [1m[34mSELECT `schema_migrations`.* FROM `schema_migrations`[0m
  [1m[35m (0.2ms)[0m  [1m[35mSHOW CREATE TABLE `inmuebles`[0m
  [1m[35m (0.5ms)[0m  [1m[35mSHOW TABLE STATUS LIKE 'inmuebles'[0m
  [1m[36mActiveRecord::SchemaMigration Load (1.4ms)[0m  [1m[34mSELECT `schema_migrations`.* FROM `schema_migrations`[0m
  [1m[36mActiveRecord::SchemaMigration Load (1.4ms)[0m  [1m[34mSELECT `schema_migrations`.* FROM `schema_migrations`[0m
  [1m[36mActiveRecord::SchemaMigration Load (1.4ms)[0m  [1m[34mSELECT `schema_migrations`.* FROM `schema_migrations`[0m
  [1m[36mActiveRecord::SchemaMigration Load (1.3ms)[0m  [1m[34mSELECT `schema_migrations`.* FROM `schema_migrations`[0m
  [1m[36mActiveRecord::SchemaMigration Load (1.4ms)[0m  [1m[34mSELECT `schema_migrations`.* FROM `schema_migrations`[0m
  [1m[36mActiveRecord::SchemaMigration Load (1.4ms)[0m  [1m[34mSELECT `schema_migrations`.* FROM `schema_migrations`[0m
  [1m[35m (0.1ms)[0m  [1m[34mSELECT DATABASE() as db[0m
  [1m[35m (0.2ms)[0m  [1m[34mSELECT GET_LOCK('7165468655954889000', 0);[0m
  [1m[36mActiveRecord::SchemaMigration Load (1.3ms)[0m  [1m[34mSELECT `schema_migrations`.* FROM `schema_migrations`[0m
  [1m[36mActiveRecord::InternalMetadata Load (0.3ms)[0m  [1m[34mSELECT  `ar_internal_metadata`.* FROM `ar_internal_metadata` WHERE `ar_internal_metadata`.`key` = 'environment' LIMIT 1[0m
  [1m[35m (0.2ms)[0m  [1m[35mBEGIN[0m
  [1m[35m (0.2ms)[0m  [1m[35mCOMMIT[0m
  [1m[35m (0.1ms)[0m  [1m[34mSELECT RELEASE_LOCK('7165468655954889000')[0m
  [1m[36mActiveRecord::SchemaMigration Load (0.2ms)[0m  [1m[34mSELECT `schema_migrations`.* FROM `schema_migrations`[0m
  [1m[35m (0.2ms)[0m  [1m[35mSHOW CREATE TABLE `inmuebles`[0m
  [1m[35m (0.4ms)[0m  [1m[35mSHOW TABLE STATUS LIKE 'inmuebles'[0m
  [1m[36mActiveRecord::SchemaMigration Load (1.3ms)[0m  [1m[34mSELECT `schema_migrations`.* FROM `schema_migrations`[0m
  [1m[36mActiveRecord::SchemaMigration Load (1.4ms)[0m  [1m[34mSELECT `schema_migrations`.* FROM `schema_migrations`[0m
  [1m[35m (0.2ms)[0m  [1m[34mSELECT DATABASE() as db[0m
  [1m[35m (0.2ms)[0m  [1m[34mSELECT GET_LOCK('7165468655954889000', 0);[0m
  [1m[36mActiveRecord::SchemaMigration Load (1.4ms)[0m  [1m[34mSELECT `schema_migrations`.* FROM `schema_migrations`[0m
  [1m[36mActiveRecord::InternalMetadata Load (0.3ms)[0m  [1m[34mSELECT  `ar_internal_metadata`.* FROM `ar_internal_metadata` WHERE `ar_internal_metadata`.`key` = 'environment' LIMIT 1[0m
  [1m[35m (0.2ms)[0m  [1m[35mBEGIN[0m
  [1m[35m (0.2ms)[0m  [1m[35mCOMMIT[0m
  [1m[35m (0.2ms)[0m  [1m[34mSELECT RELEASE_LOCK('7165468655954889000')[0m
  [1m[36mActiveRecord::SchemaMigration Load (0.2ms)[0m  [1m[34mSELECT `schema_migrations`.* FROM `schema_migrations`[0m
  [1m[35m (0.2ms)[0m  [1m[35mSHOW CREATE TABLE `inmuebles`[0m
  [1m[35m (0.5ms)[0m  [1m[35mSHOW TABLE STATUS LIKE 'inmuebles'[0m
  [1m[36mActiveRecord::SchemaMigration Load (1.4ms)[0m  [1m[34mSELECT `schema_migrations`.* FROM `schema_migrations`[0m
  [1m[35m (0.2ms)[0m  [1m[34mSELECT DATABASE() as db[0m
  [1m[35m (0.2ms)[0m  [1m[34mSELECT GET_LOCK('7165468655954889000', 0);[0m
  [1m[36mActiveRecord::SchemaMigration Load (2.1ms)[0m  [1m[34mSELECT `schema_migrations`.* FROM `schema_migrations`[0m
  [1m[36mActiveRecord::InternalMetadata Load (0.3ms)[0m  [1m[34mSELECT  `ar_internal_metadata`.* FROM `ar_internal_metadata` WHERE `ar_internal_metadata`.`key` = 'environment' LIMIT 1[0m
  [1m[35m (0.2ms)[0m  [1m[35mBEGIN[0m
  [1m[35m (0.2ms)[0m  [1m[35mCOMMIT[0m
  [1m[35m (0.2ms)[0m  [1m[34mSELECT RELEASE_LOCK('7165468655954889000')[0m
  [1m[36mActiveRecord::SchemaMigration Load (0.3ms)[0m  [1m[34mSELECT `schema_migrations`.* FROM `schema_migrations`[0m
  [1m[35m (0.2ms)[0m  [1m[35mSHOW CREATE TABLE `inmuebles`[0m
  [1m[35m (0.4ms)[0m  [1m[35mSHOW TABLE STATUS LIKE 'inmuebles'[0m
  [1m[36mActiveRecord::SchemaMigration Load (0.3ms)[0m  [1m[34mSELECT `schema_migrations`.* FROM `schema_migrations`[0m
  [1m[35m (0.2ms)[0m  [1m[35mBEGIN[0m
  [1m[35mSQL (0.9ms)[0m  [1m[32mINSERT INTO `inmuebles` (`name`, `type_inmueble`, `street`, `external_number`, `internal_number`, `neighborhood`, `city`, `country`, `rooms`, `bathrooms`, `created_at`, `updated_at`) VALUES ('Apartamento en el sur', 'apartamento', 'carrera 90 con calle 42a', '42A - 54', 'T. 2 - 303', 'Calicanto', 'Cali', 'CO', 3, 2, '2021-08-26 16:01:51', '2021-08-26 16:01:51')[0m
  [1m[35m (4.3ms)[0m  [1m[35mCOMMIT[0m
  [1m[35m (0.1ms)[0m  [1m[34mSELECT DATABASE() as db[0m
  [1m[35m (0.2ms)[0m  [1m[34mSELECT GET_LOCK('7165468655954889000', 0);[0m
  [1m[36mActiveRecord::SchemaMigration Load (0.4ms)[0m  [1m[34mSELECT `schema_migrations`.* FROM `schema_migrations`[0m
  [1m[36mActiveRecord::InternalMetadata Load (0.3ms)[0m  [1m[34mSELECT  `ar_internal_metadata`.* FROM `ar_internal_metadata` WHERE `ar_internal_metadata`.`key` = 'environment' LIMIT 1[0m
  [1m[35m (0.2ms)[0m  [1m[35mBEGIN[0m
  [1m[35m (0.2ms)[0m  [1m[35mCOMMIT[0m
  [1m[35m (0.2ms)[0m  [1m[34mSELECT RELEASE_LOCK('7165468655954889000')[0m
  [1m[36mActiveRecord::SchemaMigration Load (0.3ms)[0m  [1m[34mSELECT `schema_migrations`.* FROM `schema_migrations`[0m
  [1m[35m (0.2ms)[0m  [1m[35mSHOW CREATE TABLE `inmuebles`[0m
  [1m[35m (0.4ms)[0m  [1m[35mSHOW TABLE STATUS LIKE 'inmuebles'[0m
  [1m[36mActiveRecord::SchemaMigration Load (0.4ms)[0m  [1m[34mSELECT `schema_migrations`.* FROM `schema_migrations`[0m
  [1m[35m (0.2ms)[0m  [1m[35mBEGIN[0m
  [1m[35mSQL (1.9ms)[0m  [1m[32mINSERT INTO `inmuebles` (`name`, `type_inmueble`, `street`, `external_number`, `internal_number`, `neighborhood`, `city`, `country`, `rooms`, `bathrooms`, `created_at`, `updated_at`) VALUES ('Apartamento en el sur', 'apartamento', 'carrera 90 con calle 42a', '42A - 54', 'T. 2 - 303', 'Calicanto', 'Cali', 'CO', 3, 2, '2021-08-26 16:02:48', '2021-08-26 16:02:48')[0m
  [1m[35m (5.2ms)[0m  [1m[35mCOMMIT[0m
  [1m[35m (0.1ms)[0m  [1m[35mBEGIN[0m
  [1m[35mSQL (0.3ms)[0m  [1m[32mINSERT INTO `inmuebles` (`name`, `type_inmueble`, `street`, `external_number`, `internal_number`, `neighborhood`, `city`, `country`, `rooms`, `bathrooms`, `created_at`, `updated_at`) VALUES ('Apartamento en el norte', 'apartamento', 'carrera 61 con calle 160', '160 - 04', '402', 'Gilmar', 'Bogotá', 'CO', 1, 1, '2021-08-26 16:02:49', '2021-08-26 16:02:49')[0m
  [1m[35m (2.6ms)[0m  [1m[35mCOMMIT[0m
Started GET "/api/v1/inmuebles" for ::1 at 2021-08-26 13:04:59 -0500
  
Mysql2::Error::ConnectionError (Can't connect to MySQL server on 'localhost' (10061)):
  
mysql2 (0.5.3) lib/mysql2/client.rb:90:in `connect'
mysql2 (0.5.3) lib/mysql2/client.rb:90:in `initialize'
activerecord (5.0.7.2) lib/active_record/connection_adapters/mysql2_adapter.rb:25:in `new'
activerecord (5.0.7.2) lib/active_record/connection_adapters/mysql2_adapter.rb:25:in `mysql2_connection'
activerecord (5.0.7.2) lib/active_record/connection_adapters/abstract/connection_pool.rb:729:in `new_connection'
activerecord (5.0.7.2) lib/active_record/connection_adapters/abstract/connection_pool.rb:773:in `checkout_new_connection'
activerecord (5.0.7.2) lib/active_record/connection_adapters/abstract/connection_pool.rb:752:in `try_to_checkout_new_connection'
activerecord (5.0.7.2) lib/active_record/connection_adapters/abstract/connection_pool.rb:713:in `acquire_connection'
activerecord (5.0.7.2) lib/active_record/connection_adapters/abstract/connection_pool.rb:490:in `checkout'
activerecord (5.0.7.2) lib/active_record/connection_adapters/abstract/connection_pool.rb:364:in `connection'
activerecord (5.0.7.2) lib/active_record/connection_adapters/abstract/connection_pool.rb:883:in `retrieve_connection'
activerecord (5.0.7.2) lib/active_record/connection_handling.rb:128:in `retrieve_connection'
activerecord (5.0.7.2) lib/active_record/connection_handling.rb:91:in `connection'
activerecord (5.0.7.2) lib/active_record/migration.rb:559:in `connection'
activerecord (5.0.7.2) lib/active_record/migration.rb:546:in `call'
actionpack (5.0.7.2) lib/action_dispatch/middleware/callbacks.rb:38:in `block in call'
activesupport (5.0.7.2) lib/active_support/callbacks.rb:97:in `__run_callbacks__'
activesupport (5.0.7.2) lib/active_support/callbacks.rb:750:in `_run_call_callbacks'
activesupport (5.0.7.2) lib/active_support/callbacks.rb:90:in `run_callbacks'
actionpack (5.0.7.2) lib/action_dispatch/middleware/callbacks.rb:36:in `call'
actionpack (5.0.7.2) lib/action_dispatch/middleware/executor.rb:12:in `call'
actionpack (5.0.7.2) lib/action_dispatch/middleware/remote_ip.rb:79:in `call'
actionpack (5.0.7.2) lib/action_dispatch/middleware/debug_exceptions.rb:49:in `call'
actionpack (5.0.7.2) lib/action_dispatch/middleware/show_exceptions.rb:31:in `call'
railties (5.0.7.2) lib/rails/rack/logger.rb:36:in `call_app'
railties (5.0.7.2) lib/rails/rack/logger.rb:24:in `block in call'
activesupport (5.0.7.2) lib/active_support/tagged_logging.rb:69:in `block in tagged'
activesupport (5.0.7.2) lib/active_support/tagged_logging.rb:26:in `tagged'
activesupport (5.0.7.2) lib/active_support/tagged_logging.rb:69:in `tagged'
railties (5.0.7.2) lib/rails/rack/logger.rb:24:in `call'
actionpack (5.0.7.2) lib/action_dispatch/middleware/request_id.rb:24:in `call'
rack (2.2.3) lib/rack/runtime.rb:22:in `call'
activesupport (5.0.7.2) lib/active_support/cache/strategy/local_cache_middleware.rb:28:in `call'
actionpack (5.0.7.2) lib/action_dispatch/middleware/executor.rb:12:in `call'
actionpack (5.0.7.2) lib/action_dispatch/middleware/static.rb:136:in `call'
rack (2.2.3) lib/rack/sendfile.rb:110:in `call'
railties (5.0.7.2) lib/rails/engine.rb:522:in `call'
puma (3.12.6) lib/puma/configuration.rb:227:in `call'
puma (3.12.6) lib/puma/server.rb:706:in `handle_request'
puma (3.12.6) lib/puma/server.rb:476:in `process_client'
puma (3.12.6) lib/puma/server.rb:334:in `block in run'
puma (3.12.6) lib/puma/thread_pool.rb:135:in `block in spawn_thread'
Started GET "/api/v1/inmuebles" for ::1 at 2021-08-26 13:06:06 -0500
  [1m[36mActiveRecord::SchemaMigration Load (3.9ms)[0m  [1m[34mSELECT `schema_migrations`.* FROM `schema_migrations`[0m
  
SyntaxError (C:/wamp64/www/prueba/app/controllers/api/v1/inmuebles_controller.rb:2: class/module name must be CONSTANT
    module v1
           ^~
):
  
app/controllers/api/v1/inmuebles_controller.rb:2: class/module name must be CONSTANT
Started GET "/api/v1/inmuebles" for ::1 at 2021-08-26 13:06:51 -0500
  
SyntaxError (C:/wamp64/www/prueba/app/controllers/api/v1/inmuebles_controller.rb:2: class/module name must be CONSTANT
    module v1
           ^~
):
  
app/controllers/api/v1/inmuebles_controller.rb:2: class/module name must be CONSTANT
Started GET "/api/v1/inmuebles" for ::1 at 2021-08-26 13:07:32 -0500
  
SyntaxError (C:/wamp64/www/prueba/app/controllers/api/v1/inmuebles_controller.rb:2: class/module name must be CONSTANT
    module v1
           ^~
):
  
app/controllers/api/v1/inmuebles_controller.rb:2: class/module name must be CONSTANT
Started GET "/favicon.ico" for ::1 at 2021-08-26 13:07:32 -0500
  
ActionController::RoutingError (No route matches [GET] "/favicon.ico"):
  
actionpack (5.0.7.2) lib/action_dispatch/middleware/debug_exceptions.rb:53:in `call'
actionpack (5.0.7.2) lib/action_dispatch/middleware/show_exceptions.rb:31:in `call'
railties (5.0.7.2) lib/rails/rack/logger.rb:36:in `call_app'
railties (5.0.7.2) lib/rails/rack/logger.rb:24:in `block in call'
activesupport (5.0.7.2) lib/active_support/tagged_logging.rb:69:in `block in tagged'
activesupport (5.0.7.2) lib/active_support/tagged_logging.rb:26:in `tagged'
activesupport (5.0.7.2) lib/active_support/tagged_logging.rb:69:in `tagged'
railties (5.0.7.2) lib/rails/rack/logger.rb:24:in `call'
actionpack (5.0.7.2) lib/action_dispatch/middleware/request_id.rb:24:in `call'
rack (2.2.3) lib/rack/runtime.rb:22:in `call'
activesupport (5.0.7.2) lib/active_support/cache/strategy/local_cache_middleware.rb:28:in `call'
actionpack (5.0.7.2) lib/action_dispatch/middleware/executor.rb:12:in `call'
actionpack (5.0.7.2) lib/action_dispatch/middleware/static.rb:136:in `call'
rack (2.2.3) lib/rack/sendfile.rb:110:in `call'
railties (5.0.7.2) lib/rails/engine.rb:522:in `call'
puma (3.12.6) lib/puma/configuration.rb:227:in `call'
puma (3.12.6) lib/puma/server.rb:706:in `handle_request'
puma (3.12.6) lib/puma/server.rb:476:in `process_client'
puma (3.12.6) lib/puma/server.rb:334:in `block in run'
puma (3.12.6) lib/puma/thread_pool.rb:135:in `block in spawn_thread'
Started GET "/api/v1/inmuebles" for ::1 at 2021-08-26 13:08:25 -0500
  
SyntaxError (C:/wamp64/www/prueba/app/controllers/api/v1/inmuebles_controller.rb:2: class/module name must be CONSTANT
    module v1
           ^~
):
  
app/controllers/api/v1/inmuebles_controller.rb:2: class/module name must be CONSTANT
Started GET "/api/v1/inmuebles" for ::1 at 2021-08-26 13:10:17 -0500
Processing by Api::V1::InmueblesController#index as */*
  [1m[36mInmueble Load (6.4ms)[0m  [1m[34mSELECT `inmuebles`.* FROM `inmuebles` ORDER BY id[0m
Completed 200 OK in 29ms (Views: 11.1ms | ActiveRecord: 8.0ms)


Started GET "/api/v1/inmuebles" for ::1 at 2021-08-26 13:10:30 -0500
Processing by Api::V1::InmueblesController#index as HTML
  [1m[36mInmueble Load (0.4ms)[0m  [1m[34mSELECT `inmuebles`.* FROM `inmuebles` ORDER BY id[0m
Completed 200 OK in 5ms (Views: 4.6ms | ActiveRecord: 0.4ms)


Started GET "/api/v1/inmuebles/1" for ::1 at 2021-08-26 13:13:44 -0500
  
AbstractController::ActionNotFound (The action 'show' could not be found for Api::V1::InmueblesController):
  
actionpack (5.0.7.2) lib/abstract_controller/base.rb:121:in `process'
actionpack (5.0.7.2) lib/action_controller/metal.rb:190:in `dispatch'
actionpack (5.0.7.2) lib/action_controller/metal.rb:262:in `dispatch'
actionpack (5.0.7.2) lib/action_dispatch/routing/route_set.rb:50:in `dispatch'
actionpack (5.0.7.2) lib/action_dispatch/routing/route_set.rb:32:in `serve'
actionpack (5.0.7.2) lib/action_dispatch/journey/router.rb:39:in `block in serve'
actionpack (5.0.7.2) lib/action_dispatch/journey/router.rb:26:in `each'
actionpack (5.0.7.2) lib/action_dispatch/journey/router.rb:26:in `serve'
actionpack (5.0.7.2) lib/action_dispatch/routing/route_set.rb:727:in `call'
rack (2.2.3) lib/rack/etag.rb:27:in `call'
rack (2.2.3) lib/rack/conditional_get.rb:27:in `call'
rack (2.2.3) lib/rack/head.rb:12:in `call'
activerecord (5.0.7.2) lib/active_record/migration.rb:553:in `call'
actionpack (5.0.7.2) lib/action_dispatch/middleware/callbacks.rb:38:in `block in call'
activesupport (5.0.7.2) lib/active_support/callbacks.rb:97:in `__run_callbacks__'
activesupport (5.0.7.2) lib/active_support/callbacks.rb:750:in `_run_call_callbacks'
activesupport (5.0.7.2) lib/active_support/callbacks.rb:90:in `run_callbacks'
actionpack (5.0.7.2) lib/action_dispatch/middleware/callbacks.rb:36:in `call'
actionpack (5.0.7.2) lib/action_dispatch/middleware/executor.rb:12:in `call'
actionpack (5.0.7.2) lib/action_dispatch/middleware/remote_ip.rb:79:in `call'
actionpack (5.0.7.2) lib/action_dispatch/middleware/debug_exceptions.rb:49:in `call'
actionpack (5.0.7.2) lib/action_dispatch/middleware/show_exceptions.rb:31:in `call'
railties (5.0.7.2) lib/rails/rack/logger.rb:36:in `call_app'
railties (5.0.7.2) lib/rails/rack/logger.rb:24:in `block in call'
activesupport (5.0.7.2) lib/active_support/tagged_logging.rb:69:in `block in tagged'
activesupport (5.0.7.2) lib/active_support/tagged_logging.rb:26:in `tagged'
activesupport (5.0.7.2) lib/active_support/tagged_logging.rb:69:in `tagged'
railties (5.0.7.2) lib/rails/rack/logger.rb:24:in `call'
actionpack (5.0.7.2) lib/action_dispatch/middleware/request_id.rb:24:in `call'
rack (2.2.3) lib/rack/runtime.rb:22:in `call'
activesupport (5.0.7.2) lib/active_support/cache/strategy/local_cache_middleware.rb:28:in `call'
actionpack (5.0.7.2) lib/action_dispatch/middleware/executor.rb:12:in `call'
actionpack (5.0.7.2) lib/action_dispatch/middleware/static.rb:136:in `call'
rack (2.2.3) lib/rack/sendfile.rb:110:in `call'
railties (5.0.7.2) lib/rails/engine.rb:522:in `call'
puma (3.12.6) lib/puma/configuration.rb:227:in `call'
puma (3.12.6) lib/puma/server.rb:706:in `handle_request'
puma (3.12.6) lib/puma/server.rb:476:in `process_client'
puma (3.12.6) lib/puma/server.rb:334:in `block in run'
puma (3.12.6) lib/puma/thread_pool.rb:135:in `block in spawn_thread'
Started GET "/api/v1/inmuebles/2" for ::1 at 2021-08-26 13:14:18 -0500
  
AbstractController::ActionNotFound (The action 'show' could not be found for Api::V1::InmueblesController):
  
actionpack (5.0.7.2) lib/abstract_controller/base.rb:121:in `process'
actionpack (5.0.7.2) lib/action_controller/metal.rb:190:in `dispatch'
actionpack (5.0.7.2) lib/action_controller/metal.rb:262:in `dispatch'
actionpack (5.0.7.2) lib/action_dispatch/routing/route_set.rb:50:in `dispatch'
actionpack (5.0.7.2) lib/action_dispatch/routing/route_set.rb:32:in `serve'
actionpack (5.0.7.2) lib/action_dispatch/journey/router.rb:39:in `block in serve'
actionpack (5.0.7.2) lib/action_dispatch/journey/router.rb:26:in `each'
actionpack (5.0.7.2) lib/action_dispatch/journey/router.rb:26:in `serve'
actionpack (5.0.7.2) lib/action_dispatch/routing/route_set.rb:727:in `call'
rack (2.2.3) lib/rack/etag.rb:27:in `call'
rack (2.2.3) lib/rack/conditional_get.rb:27:in `call'
rack (2.2.3) lib/rack/head.rb:12:in `call'
activerecord (5.0.7.2) lib/active_record/migration.rb:553:in `call'
actionpack (5.0.7.2) lib/action_dispatch/middleware/callbacks.rb:38:in `block in call'
activesupport (5.0.7.2) lib/active_support/callbacks.rb:97:in `__run_callbacks__'
activesupport (5.0.7.2) lib/active_support/callbacks.rb:750:in `_run_call_callbacks'
activesupport (5.0.7.2) lib/active_support/callbacks.rb:90:in `run_callbacks'
actionpack (5.0.7.2) lib/action_dispatch/middleware/callbacks.rb:36:in `call'
actionpack (5.0.7.2) lib/action_dispatch/middleware/executor.rb:12:in `call'
actionpack (5.0.7.2) lib/action_dispatch/middleware/remote_ip.rb:79:in `call'
actionpack (5.0.7.2) lib/action_dispatch/middleware/debug_exceptions.rb:49:in `call'
actionpack (5.0.7.2) lib/action_dispatch/middleware/show_exceptions.rb:31:in `call'
railties (5.0.7.2) lib/rails/rack/logger.rb:36:in `call_app'
railties (5.0.7.2) lib/rails/rack/logger.rb:24:in `block in call'
activesupport (5.0.7.2) lib/active_support/tagged_logging.rb:69:in `block in tagged'
activesupport (5.0.7.2) lib/active_support/tagged_logging.rb:26:in `tagged'
activesupport (5.0.7.2) lib/active_support/tagged_logging.rb:69:in `tagged'
railties (5.0.7.2) lib/rails/rack/logger.rb:24:in `call'
actionpack (5.0.7.2) lib/action_dispatch/middleware/request_id.rb:24:in `call'
rack (2.2.3) lib/rack/runtime.rb:22:in `call'
activesupport (5.0.7.2) lib/active_support/cache/strategy/local_cache_middleware.rb:28:in `call'
actionpack (5.0.7.2) lib/action_dispatch/middleware/executor.rb:12:in `call'
actionpack (5.0.7.2) lib/action_dispatch/middleware/static.rb:136:in `call'
rack (2.2.3) lib/rack/sendfile.rb:110:in `call'
railties (5.0.7.2) lib/rails/engine.rb:522:in `call'
puma (3.12.6) lib/puma/configuration.rb:227:in `call'
puma (3.12.6) lib/puma/server.rb:706:in `handle_request'
puma (3.12.6) lib/puma/server.rb:476:in `process_client'
puma (3.12.6) lib/puma/server.rb:334:in `block in run'
puma (3.12.6) lib/puma/thread_pool.rb:135:in `block in spawn_thread'
Started GET "/api/v1/inmuebles/2" for ::1 at 2021-08-26 13:15:19 -0500
  
AbstractController::ActionNotFound (The action 'show' could not be found for Api::V1::InmueblesController):
  
actionpack (5.0.7.2) lib/abstract_controller/base.rb:121:in `process'
actionpack (5.0.7.2) lib/action_controller/metal.rb:190:in `dispatch'
actionpack (5.0.7.2) lib/action_controller/metal.rb:262:in `dispatch'
actionpack (5.0.7.2) lib/action_dispatch/routing/route_set.rb:50:in `dispatch'
actionpack (5.0.7.2) lib/action_dispatch/routing/route_set.rb:32:in `serve'
actionpack (5.0.7.2) lib/action_dispatch/journey/router.rb:39:in `block in serve'
actionpack (5.0.7.2) lib/action_dispatch/journey/router.rb:26:in `each'
actionpack (5.0.7.2) lib/action_dispatch/journey/router.rb:26:in `serve'
actionpack (5.0.7.2) lib/action_dispatch/routing/route_set.rb:727:in `call'
rack (2.2.3) lib/rack/etag.rb:27:in `call'
rack (2.2.3) lib/rack/conditional_get.rb:27:in `call'
rack (2.2.3) lib/rack/head.rb:12:in `call'
activerecord (5.0.7.2) lib/active_record/migration.rb:553:in `call'
actionpack (5.0.7.2) lib/action_dispatch/middleware/callbacks.rb:38:in `block in call'
activesupport (5.0.7.2) lib/active_support/callbacks.rb:97:in `__run_callbacks__'
activesupport (5.0.7.2) lib/active_support/callbacks.rb:750:in `_run_call_callbacks'
activesupport (5.0.7.2) lib/active_support/callbacks.rb:90:in `run_callbacks'
actionpack (5.0.7.2) lib/action_dispatch/middleware/callbacks.rb:36:in `call'
actionpack (5.0.7.2) lib/action_dispatch/middleware/executor.rb:12:in `call'
actionpack (5.0.7.2) lib/action_dispatch/middleware/remote_ip.rb:79:in `call'
actionpack (5.0.7.2) lib/action_dispatch/middleware/debug_exceptions.rb:49:in `call'
actionpack (5.0.7.2) lib/action_dispatch/middleware/show_exceptions.rb:31:in `call'
railties (5.0.7.2) lib/rails/rack/logger.rb:36:in `call_app'
railties (5.0.7.2) lib/rails/rack/logger.rb:24:in `block in call'
activesupport (5.0.7.2) lib/active_support/tagged_logging.rb:69:in `block in tagged'
activesupport (5.0.7.2) lib/active_support/tagged_logging.rb:26:in `tagged'
activesupport (5.0.7.2) lib/active_support/tagged_logging.rb:69:in `tagged'
railties (5.0.7.2) lib/rails/rack/logger.rb:24:in `call'
actionpack (5.0.7.2) lib/action_dispatch/middleware/request_id.rb:24:in `call'
rack (2.2.3) lib/rack/runtime.rb:22:in `call'
activesupport (5.0.7.2) lib/active_support/cache/strategy/local_cache_middleware.rb:28:in `call'
actionpack (5.0.7.2) lib/action_dispatch/middleware/executor.rb:12:in `call'
actionpack (5.0.7.2) lib/action_dispatch/middleware/static.rb:136:in `call'
rack (2.2.3) lib/rack/sendfile.rb:110:in `call'
railties (5.0.7.2) lib/rails/engine.rb:522:in `call'
puma (3.12.6) lib/puma/configuration.rb:227:in `call'
puma (3.12.6) lib/puma/server.rb:706:in `handle_request'
puma (3.12.6) lib/puma/server.rb:476:in `process_client'
puma (3.12.6) lib/puma/server.rb:334:in `block in run'
puma (3.12.6) lib/puma/thread_pool.rb:135:in `block in spawn_thread'
Started GET "/api/v1/inmuebles/2" for ::1 at 2021-08-26 13:15:46 -0500
  
AbstractController::ActionNotFound (The action 'show' could not be found for Api::V1::InmueblesController):
  
actionpack (5.0.7.2) lib/abstract_controller/base.rb:121:in `process'
actionpack (5.0.7.2) lib/action_controller/metal.rb:190:in `dispatch'
actionpack (5.0.7.2) lib/action_controller/metal.rb:262:in `dispatch'
actionpack (5.0.7.2) lib/action_dispatch/routing/route_set.rb:50:in `dispatch'
actionpack (5.0.7.2) lib/action_dispatch/routing/route_set.rb:32:in `serve'
actionpack (5.0.7.2) lib/action_dispatch/journey/router.rb:39:in `block in serve'
actionpack (5.0.7.2) lib/action_dispatch/journey/router.rb:26:in `each'
actionpack (5.0.7.2) lib/action_dispatch/journey/router.rb:26:in `serve'
actionpack (5.0.7.2) lib/action_dispatch/routing/route_set.rb:727:in `call'
rack (2.2.3) lib/rack/etag.rb:27:in `call'
rack (2.2.3) lib/rack/conditional_get.rb:27:in `call'
rack (2.2.3) lib/rack/head.rb:12:in `call'
activerecord (5.0.7.2) lib/active_record/migration.rb:553:in `call'
actionpack (5.0.7.2) lib/action_dispatch/middleware/callbacks.rb:38:in `block in call'
activesupport (5.0.7.2) lib/active_support/callbacks.rb:97:in `__run_callbacks__'
activesupport (5.0.7.2) lib/active_support/callbacks.rb:750:in `_run_call_callbacks'
activesupport (5.0.7.2) lib/active_support/callbacks.rb:90:in `run_callbacks'
actionpack (5.0.7.2) lib/action_dispatch/middleware/callbacks.rb:36:in `call'
actionpack (5.0.7.2) lib/action_dispatch/middleware/executor.rb:12:in `call'
actionpack (5.0.7.2) lib/action_dispatch/middleware/remote_ip.rb:79:in `call'
actionpack (5.0.7.2) lib/action_dispatch/middleware/debug_exceptions.rb:49:in `call'
actionpack (5.0.7.2) lib/action_dispatch/middleware/show_exceptions.rb:31:in `call'
railties (5.0.7.2) lib/rails/rack/logger.rb:36:in `call_app'
railties (5.0.7.2) lib/rails/rack/logger.rb:24:in `block in call'
activesupport (5.0.7.2) lib/active_support/tagged_logging.rb:69:in `block in tagged'
activesupport (5.0.7.2) lib/active_support/tagged_logging.rb:26:in `tagged'
activesupport (5.0.7.2) lib/active_support/tagged_logging.rb:69:in `tagged'
railties (5.0.7.2) lib/rails/rack/logger.rb:24:in `call'
actionpack (5.0.7.2) lib/action_dispatch/middleware/request_id.rb:24:in `call'
rack (2.2.3) lib/rack/runtime.rb:22:in `call'
activesupport (5.0.7.2) lib/active_support/cache/strategy/local_cache_middleware.rb:28:in `call'
actionpack (5.0.7.2) lib/action_dispatch/middleware/executor.rb:12:in `call'
actionpack (5.0.7.2) lib/action_dispatch/middleware/static.rb:136:in `call'
rack (2.2.3) lib/rack/sendfile.rb:110:in `call'
railties (5.0.7.2) lib/rails/engine.rb:522:in `call'
puma (3.12.6) lib/puma/configuration.rb:227:in `call'
puma (3.12.6) lib/puma/server.rb:706:in `handle_request'
puma (3.12.6) lib/puma/server.rb:476:in `process_client'
puma (3.12.6) lib/puma/server.rb:334:in `block in run'
puma (3.12.6) lib/puma/thread_pool.rb:135:in `block in spawn_thread'
Started GET "/api/v1/inmuebles/1" for ::1 at 2021-08-26 13:15:57 -0500
  
AbstractController::ActionNotFound (The action 'show' could not be found for Api::V1::InmueblesController):
  
actionpack (5.0.7.2) lib/abstract_controller/base.rb:121:in `process'
actionpack (5.0.7.2) lib/action_controller/metal.rb:190:in `dispatch'
actionpack (5.0.7.2) lib/action_controller/metal.rb:262:in `dispatch'
actionpack (5.0.7.2) lib/action_dispatch/routing/route_set.rb:50:in `dispatch'
actionpack (5.0.7.2) lib/action_dispatch/routing/route_set.rb:32:in `serve'
actionpack (5.0.7.2) lib/action_dispatch/journey/router.rb:39:in `block in serve'
actionpack (5.0.7.2) lib/action_dispatch/journey/router.rb:26:in `each'
actionpack (5.0.7.2) lib/action_dispatch/journey/router.rb:26:in `serve'
actionpack (5.0.7.2) lib/action_dispatch/routing/route_set.rb:727:in `call'
rack (2.2.3) lib/rack/etag.rb:27:in `call'
rack (2.2.3) lib/rack/conditional_get.rb:27:in `call'
rack (2.2.3) lib/rack/head.rb:12:in `call'
activerecord (5.0.7.2) lib/active_record/migration.rb:553:in `call'
actionpack (5.0.7.2) lib/action_dispatch/middleware/callbacks.rb:38:in `block in call'
activesupport (5.0.7.2) lib/active_support/callbacks.rb:97:in `__run_callbacks__'
activesupport (5.0.7.2) lib/active_support/callbacks.rb:750:in `_run_call_callbacks'
activesupport (5.0.7.2) lib/active_support/callbacks.rb:90:in `run_callbacks'
actionpack (5.0.7.2) lib/action_dispatch/middleware/callbacks.rb:36:in `call'
actionpack (5.0.7.2) lib/action_dispatch/middleware/executor.rb:12:in `call'
actionpack (5.0.7.2) lib/action_dispatch/middleware/remote_ip.rb:79:in `call'
actionpack (5.0.7.2) lib/action_dispatch/middleware/debug_exceptions.rb:49:in `call'
actionpack (5.0.7.2) lib/action_dispatch/middleware/show_exceptions.rb:31:in `call'
railties (5.0.7.2) lib/rails/rack/logger.rb:36:in `call_app'
railties (5.0.7.2) lib/rails/rack/logger.rb:24:in `block in call'
activesupport (5.0.7.2) lib/active_support/tagged_logging.rb:69:in `block in tagged'
activesupport (5.0.7.2) lib/active_support/tagged_logging.rb:26:in `tagged'
activesupport (5.0.7.2) lib/active_support/tagged_logging.rb:69:in `tagged'
railties (5.0.7.2) lib/rails/rack/logger.rb:24:in `call'
actionpack (5.0.7.2) lib/action_dispatch/middleware/request_id.rb:24:in `call'
rack (2.2.3) lib/rack/runtime.rb:22:in `call'
activesupport (5.0.7.2) lib/active_support/cache/strategy/local_cache_middleware.rb:28:in `call'
actionpack (5.0.7.2) lib/action_dispatch/middleware/executor.rb:12:in `call'
actionpack (5.0.7.2) lib/action_dispatch/middleware/static.rb:136:in `call'
rack (2.2.3) lib/rack/sendfile.rb:110:in `call'
railties (5.0.7.2) lib/rails/engine.rb:522:in `call'
puma (3.12.6) lib/puma/configuration.rb:227:in `call'
puma (3.12.6) lib/puma/server.rb:706:in `handle_request'
puma (3.12.6) lib/puma/server.rb:476:in `process_client'
puma (3.12.6) lib/puma/server.rb:334:in `block in run'
puma (3.12.6) lib/puma/thread_pool.rb:135:in `block in spawn_thread'
Started GET "/api/v1/inmuebles/2" for ::1 at 2021-08-26 13:17:05 -0500
Processing by Api::V1::InmueblesController#show as */*
  Parameters: {"id"=>"2"}
  [1m[36mInmueble Load (0.5ms)[0m  [1m[34mSELECT  `inmuebles`.* FROM `inmuebles` WHERE `inmuebles`.`id` = 2 LIMIT 1[0m
Completed 200 OK in 37ms (Views: 1.6ms | ActiveRecord: 2.8ms)


Started GET "/api/v1/inmuebles/1" for ::1 at 2021-08-26 13:17:12 -0500
Processing by Api::V1::InmueblesController#show as HTML
  Parameters: {"id"=>"1"}
  [1m[36mInmueble Load (0.3ms)[0m  [1m[34mSELECT  `inmuebles`.* FROM `inmuebles` WHERE `inmuebles`.`id` = 1 LIMIT 1[0m
Completed 200 OK in 4ms (Views: 1.1ms | ActiveRecord: 0.3ms)


Started POST "/api/v1/inmuebles" for ::1 at 2021-08-26 13:28:39 -0500
  
SyntaxError (C:/wamp64/www/prueba/app/controllers/api/v1/inmuebles_controller.rb:41: syntax error, unexpected symbol literal, expecting ')'
...                params.permit(:name, ;type_inmueble, :street...
...                              ^
C:/wamp64/www/prueba/app/controllers/api/v1/inmuebles_controller.rb:41: syntax error, unexpected ',', expecting '.' or &. or :: or '['
...:name, ;type_inmueble, :street, :external_number, :internal_...
...                              ^
):
  
app/controllers/api/v1/inmuebles_controller.rb:41: syntax error, unexpected symbol literal, expecting ')'
app/controllers/api/v1/inmuebles_controller.rb:41: syntax error, unexpected ',', expecting '.' or &. or :: or '['
Started POST "/api/v1/inmuebles" for ::1 at 2021-08-26 13:30:52 -0500
  
SyntaxError (C:/wamp64/www/prueba/app/controllers/api/v1/inmuebles_controller.rb:41: syntax error, unexpected symbol literal, expecting ')'
...                params.permit(:name, ;type_inmueble, :street...
...                              ^
C:/wamp64/www/prueba/app/controllers/api/v1/inmuebles_controller.rb:41: syntax error, unexpected ',', expecting '.' or &. or :: or '['
...:name, ;type_inmueble, :street, :external_number, :internal_...
...                              ^
):
  
app/controllers/api/v1/inmuebles_controller.rb:41: syntax error, unexpected symbol literal, expecting ')'
app/controllers/api/v1/inmuebles_controller.rb:41: syntax error, unexpected ',', expecting '.' or &. or :: or '['
Started POST "/api/v1/inmuebles" for ::1 at 2021-08-26 13:31:04 -0500
  
SyntaxError (C:/wamp64/www/prueba/app/controllers/api/v1/inmuebles_controller.rb:41: syntax error, unexpected symbol literal, expecting ')'
...                params.permit(:name, ;type_inmueble, :street...
...                              ^
C:/wamp64/www/prueba/app/controllers/api/v1/inmuebles_controller.rb:41: syntax error, unexpected ',', expecting '.' or &. or :: or '['
...:name, ;type_inmueble, :street, :external_number, :internal_...
...                              ^
):
  
app/controllers/api/v1/inmuebles_controller.rb:41: syntax error, unexpected symbol literal, expecting ')'
app/controllers/api/v1/inmuebles_controller.rb:41: syntax error, unexpected ',', expecting '.' or &. or :: or '['
Started POST "/api/v1/inmuebles" for ::1 at 2021-08-26 13:31:43 -0500
  
SyntaxError (C:/wamp64/www/prueba/app/controllers/api/v1/inmuebles_controller.rb:41: syntax error, unexpected symbol literal, expecting ')'
...                params.permit(:name, :type_inmueble, :street...
...                              ^
):
  
app/controllers/api/v1/inmuebles_controller.rb:41: syntax error, unexpected symbol literal, expecting ')'
Started POST "/api/v1/inmuebles" for ::1 at 2021-08-26 13:32:09 -0500
  
SyntaxError (C:/wamp64/www/prueba/app/controllers/api/v1/inmuebles_controller.rb:41: syntax error, unexpected symbol literal, expecting ')'
...                params.permit(:name, :type_inmueble, :street...
...                              ^
):
  
app/controllers/api/v1/inmuebles_controller.rb:41: syntax error, unexpected symbol literal, expecting ')'
Started POST "/api/v1/inmuebles" for ::1 at 2021-08-26 13:33:18 -0500
Processing by Api::V1::InmueblesController#create as */*
  Parameters: {"name"=>"Casa Campestre en la playa", "type_inmueble"=>"Casa", "street"=>"vía a barranquilla", "external_number"=>" paradero 24", "internal_number"=>"", "neighborhood"=>"rodadero", "city"=>"Santa Marta", "country"=>"CO", "rooms"=>6, "bathrooms"=>4, "comments"=>"Casa bonita a la orilla del mar", "inmueble"=>{"name"=>"Casa Campestre en la playa", "type_inmueble"=>"Casa", "street"=>"vía a barranquilla", "external_number"=>" paradero 24", "internal_number"=>"", "neighborhood"=>"rodadero", "city"=>"Santa Marta", "country"=>"CO", "rooms"=>6, "bathrooms"=>4, "comments"=>"Casa bonita a la orilla del mar"}}
Completed 500 Internal Server Error in 36ms (ActiveRecord: 2.3ms)


  
NameError (undefined local variable or method `inmuebles_params' for #<Api::V1::InmueblesController:0x0000029ab3cb9da0>
Did you mean?  inmuebles):
  
app/controllers/api/v1/inmuebles_controller.rb:23:in `create'
Started POST "/api/v1/inmuebles" for ::1 at 2021-08-26 13:33:45 -0500
Processing by Api::V1::InmueblesController#create as */*
  Parameters: {"name"=>"Casa Campestre en la playa", "type_inmueble"=>"Casa", "street"=>"vía a barranquilla", "external_number"=>" paradero 24", "internal_number"=>"", "neighborhood"=>"rodadero", "city"=>"Santa Marta", "country"=>"CO", "rooms"=>6, "bathrooms"=>4, "inmueble"=>{"name"=>"Casa Campestre en la playa", "type_inmueble"=>"Casa", "street"=>"vía a barranquilla", "external_number"=>" paradero 24", "internal_number"=>"", "neighborhood"=>"rodadero", "city"=>"Santa Marta", "country"=>"CO", "rooms"=>6, "bathrooms"=>4}}
Completed 500 Internal Server Error in 47ms (ActiveRecord: 0.9ms)


  
NameError (undefined local variable or method `inmuebles_params' for #<Api::V1::InmueblesController:0x0000029ab3711308>
Did you mean?  inmuebles):
  
app/controllers/api/v1/inmuebles_controller.rb:23:in `create'
Started POST "/api/v1/inmuebles" for ::1 at 2021-08-26 13:34:34 -0500
Processing by Api::V1::InmueblesController#create as */*
  Parameters: {"name"=>"Casa Campestre en la playa", "type_inmueble"=>"Casa", "street"=>"vía a barranquilla", "external_number"=>" paradero 24", "internal_number"=>"", "neighborhood"=>"rodadero", "city"=>"Santa Marta", "country"=>"CO", "rooms"=>6, "bathrooms"=>4, "inmueble"=>{"name"=>"Casa Campestre en la playa", "type_inmueble"=>"Casa", "street"=>"vía a barranquilla", "external_number"=>" paradero 24", "internal_number"=>"", "neighborhood"=>"rodadero", "city"=>"Santa Marta", "country"=>"CO", "rooms"=>6, "bathrooms"=>4}}
Completed 500 Internal Server Error in 33ms (ActiveRecord: 1.0ms)


  
NameError (undefined local variable or method `inmuebles_params' for #<Api::V1::InmueblesController:0x0000029ab1bf3170>
Did you mean?  inmuebles):
  
app/controllers/api/v1/inmuebles_controller.rb:23:in `create'
Started POST "/api/v1/inmuebles" for ::1 at 2021-08-26 13:34:36 -0500
Processing by Api::V1::InmueblesController#create as */*
  Parameters: {"name"=>"Casa Campestre en la playa", "type_inmueble"=>"Casa", "street"=>"vía a barranquilla", "external_number"=>" paradero 24", "internal_number"=>"", "neighborhood"=>"rodadero", "city"=>"Santa Marta", "country"=>"CO", "rooms"=>6, "bathrooms"=>4, "inmueble"=>{"name"=>"Casa Campestre en la playa", "type_inmueble"=>"Casa", "street"=>"vía a barranquilla", "external_number"=>" paradero 24", "internal_number"=>"", "neighborhood"=>"rodadero", "city"=>"Santa Marta", "country"=>"CO", "rooms"=>6, "bathrooms"=>4}}
Completed 500 Internal Server Error in 30ms (ActiveRecord: 0.0ms)


  
NameError (undefined local variable or method `inmuebles_params' for #<Api::V1::InmueblesController:0x0000029ab3d9e018>
Did you mean?  inmuebles):
  
app/controllers/api/v1/inmuebles_controller.rb:23:in `create'
Started POST "/api/v1/inmuebles" for ::1 at 2021-08-26 13:35:08 -0500
Processing by Api::V1::InmueblesController#create as */*
Completed 500 Internal Server Error in 30ms (ActiveRecord: 0.0ms)


  
NameError (undefined local variable or method `inmuebles_params' for #<Api::V1::InmueblesController:0x0000029ab3c4b210>
Did you mean?  inmuebles):
  
app/controllers/api/v1/inmuebles_controller.rb:23:in `create'
Started POST "/api/v1/inmuebles" for ::1 at 2021-08-26 13:36:09 -0500
Processing by Api::V1::InmueblesController#create as */*
Completed 500 Internal Server Error in 34ms (ActiveRecord: 0.0ms)


  
NameError (undefined local variable or method `inmueble_params' for #<Api::V1::InmueblesController:0x0000029ab38b1050>
Did you mean?  inmuebles):
  
app/controllers/api/v1/inmuebles_controller.rb:23:in `create'
Started POST "/api/v1/inmuebles" for ::1 at 2021-08-26 13:36:40 -0500
Processing by Api::V1::InmueblesController#create as */*
Completed 500 Internal Server Error in 41ms (ActiveRecord: 0.0ms)


  
NameError (undefined local variable or method `inmuebles_params' for #<Api::V1::InmueblesController:0x0000029ab3558ea8>
Did you mean?  inmuebles):
  
app/controllers/api/v1/inmuebles_controller.rb:23:in `create'
Started POST "/api/v1/inmuebles" for ::1 at 2021-08-26 13:36:52 -0500
Processing by Api::V1::InmueblesController#create as */*
Completed 500 Internal Server Error in 36ms (ActiveRecord: 0.0ms)


  
NameError (undefined local variable or method `inmuebles_params' for #<Api::V1::InmueblesController:0x0000029ab3e85710>
Did you mean?  inmuebles):
  
app/controllers/api/v1/inmuebles_controller.rb:23:in `create'
Started POST "/api/v1/inmuebles" for ::1 at 2021-08-26 13:36:55 -0500
Processing by Api::V1::InmueblesController#create as */*
Completed 500 Internal Server Error in 31ms (ActiveRecord: 0.0ms)


  
NameError (undefined local variable or method `inmuebles_params' for #<Api::V1::InmueblesController:0x0000029ab3c80ac8>
Did you mean?  inmuebles):
  
app/controllers/api/v1/inmuebles_controller.rb:23:in `create'
Started POST "/api/v1/inmuebles" for ::1 at 2021-08-26 13:37:13 -0500
Processing by Api::V1::InmueblesController#create as */*
Completed 500 Internal Server Error in 30ms (ActiveRecord: 0.0ms)


  
NameError (undefined local variable or method `inmuebles_params' for #<Api::V1::InmueblesController:0x0000029ab3952c98>
Did you mean?  inmuebles):
  
app/controllers/api/v1/inmuebles_controller.rb:23:in `create'
Started GET "/api/v1/inmuebles" for ::1 at 2021-08-26 13:37:44 -0500
Processing by Api::V1::InmueblesController#index as HTML
  [1m[36mInmueble Load (0.7ms)[0m  [1m[34mSELECT `inmuebles`.* FROM `inmuebles` ORDER BY created_at[0m
Completed 200 OK in 13ms (Views: 10.1ms | ActiveRecord: 2.2ms)


Started GET "/api/v1/inmuebles/3" for ::1 at 2021-08-26 13:38:00 -0500
Processing by Api::V1::InmueblesController#show as HTML
  Parameters: {"id"=>"3"}
  [1m[36mInmueble Load (0.4ms)[0m  [1m[34mSELECT  `inmuebles`.* FROM `inmuebles` WHERE `inmuebles`.`id` = 3 LIMIT 1[0m
Completed 200 OK in 3ms (Views: 0.7ms | ActiveRecord: 0.4ms)


Started GET "/api/v1/inmuebles/4" for ::1 at 2021-08-26 13:38:06 -0500
Processing by Api::V1::InmueblesController#show as HTML
  Parameters: {"id"=>"4"}
  [1m[36mInmueble Load (0.3ms)[0m  [1m[34mSELECT  `inmuebles`.* FROM `inmuebles` WHERE `inmuebles`.`id` = 4 LIMIT 1[0m
Completed 404 Not Found in 3ms (ActiveRecord: 0.3ms)


  
ActiveRecord::RecordNotFound (Couldn't find Inmueble with 'id'=4):
  
app/controllers/api/v1/inmuebles_controller.rb:14:in `show'
Started POST "/api/v1/inmuebles" for ::1 at 2021-08-26 13:39:02 -0500
Processing by Api::V1::InmueblesController#create as */*
  Parameters: {"name"=>"Casa Campestre en la playa", "type_inmueble"=>"Casa", "street"=>"vía a barranquilla", "external_number"=>" paradero 24", "internal_number"=>"", "neighborhood"=>"rodadero", "city"=>"Santa Marta", "country"=>"CO", "rooms"=>6, "bathrooms"=>4, "inmueble"=>{"name"=>"Casa Campestre en la playa", "type_inmueble"=>"Casa", "street"=>"vía a barranquilla", "external_number"=>" paradero 24", "internal_number"=>"", "neighborhood"=>"rodadero", "city"=>"Santa Marta", "country"=>"CO", "rooms"=>6, "bathrooms"=>4}}
Completed 500 Internal Server Error in 36ms (ActiveRecord: 0.0ms)


  
NameError (undefined local variable or method `inmuebles_params' for #<Api::V1::InmueblesController:0x0000029ab3d37110>
Did you mean?  inmuebles):
  
app/controllers/api/v1/inmuebles_controller.rb:23:in `create'
Started POST "/api/v1/inmuebles" for ::1 at 2021-08-26 13:40:12 -0500
Processing by Api::V1::InmueblesController#create as */*
  Parameters: {"name"=>"Casa Campestre en la playa", "type_inmueble"=>"Casa", "street"=>"vía a barranquilla", "external_number"=>" paradero 24", "internal_number"=>"", "neighborhood"=>"rodadero", "city"=>"Santa Marta", "country"=>"CO", "rooms"=>6, "bathrooms"=>4, "inmueble"=>{"name"=>"Casa Campestre en la playa", "type_inmueble"=>"Casa", "street"=>"vía a barranquilla", "external_number"=>" paradero 24", "internal_number"=>"", "neighborhood"=>"rodadero", "city"=>"Santa Marta", "country"=>"CO", "rooms"=>6, "bathrooms"=>4}}
Unpermitted parameter: inmueble
  [1m[35m (0.3ms)[0m  [1m[35mBEGIN[0m
  [1m[35m (0.2ms)[0m  [1m[31mROLLBACK[0m
Completed 422 Unprocessable Entity in 47ms (Views: 0.2ms | ActiveRecord: 2.2ms)


Started POST "/api/v1/inmuebles" for ::1 at 2021-08-26 13:40:41 -0500
Processing by Api::V1::InmueblesController#create as */*
  Parameters: {"name"=>"Casa Campestre en la playa", "type_inmueble"=>"Casa", "street"=>"vía a barranquilla", "external_number"=>" paradero 24", "internal_number"=>"", "neighborhood"=>"rodadero", "city"=>"Santa Marta", "country"=>"CO", "rooms"=>6, "bathrooms"=>4, "inmueble"=>{"name"=>"Casa Campestre en la playa", "type_inmueble"=>"Casa", "street"=>"vía a barranquilla", "external_number"=>" paradero 24", "internal_number"=>"", "neighborhood"=>"rodadero", "city"=>"Santa Marta", "country"=>"CO", "rooms"=>6, "bathrooms"=>4}}
Unpermitted parameter: inmueble
  [1m[35m (0.2ms)[0m  [1m[35mBEGIN[0m
  [1m[35m (0.2ms)[0m  [1m[31mROLLBACK[0m
Completed 422 Unprocessable Entity in 15ms (Views: 0.2ms | ActiveRecord: 2.9ms)


Started POST "/api/v1/inmuebles" for ::1 at 2021-08-26 13:41:00 -0500
Processing by Api::V1::InmueblesController#create as */*
  Parameters: {"name"=>"Casa Campestre en la playa", "type_inmueble"=>"Casa", "street"=>"vía a barranquilla", "external_number"=>" paradero 24", "internal_number"=>" ", "neighborhood"=>"rodadero", "city"=>"Santa Marta", "country"=>"CO", "rooms"=>6, "bathrooms"=>4, "inmueble"=>{"name"=>"Casa Campestre en la playa", "type_inmueble"=>"Casa", "street"=>"vía a barranquilla", "external_number"=>" paradero 24", "internal_number"=>" ", "neighborhood"=>"rodadero", "city"=>"Santa Marta", "country"=>"CO", "rooms"=>6, "bathrooms"=>4}}
Unpermitted parameter: inmueble
  [1m[35m (0.4ms)[0m  [1m[35mBEGIN[0m
  [1m[35m (0.2ms)[0m  [1m[31mROLLBACK[0m
Completed 422 Unprocessable Entity in 4ms (Views: 0.2ms | ActiveRecord: 0.6ms)


Started POST "/api/v1/inmuebles" for ::1 at 2021-08-26 13:41:16 -0500
Processing by Api::V1::InmueblesController#create as */*
  Parameters: {"name"=>"Casa Campestre en la playa", "type_inmueble"=>"Casa", "street"=>"vía a barranquilla", "external_number"=>" paradero 24", "internal_number"=>"casa No. 3", "neighborhood"=>"rodadero", "city"=>"Santa Marta", "country"=>"CO", "rooms"=>6, "bathrooms"=>4, "inmueble"=>{"name"=>"Casa Campestre en la playa", "type_inmueble"=>"Casa", "street"=>"vía a barranquilla", "external_number"=>" paradero 24", "internal_number"=>"casa No. 3", "neighborhood"=>"rodadero", "city"=>"Santa Marta", "country"=>"CO", "rooms"=>6, "bathrooms"=>4}}
Unpermitted parameter: inmueble
  [1m[35m (0.2ms)[0m  [1m[35mBEGIN[0m
  [1m[35mSQL (3.8ms)[0m  [1m[32mINSERT INTO `inmuebles` (`name`, `type_inmueble`, `street`, `external_number`, `internal_number`, `neighborhood`, `city`, `country`, `rooms`, `bathrooms`, `created_at`, `updated_at`) VALUES ('Casa Campestre en la playa', 'Casa', 'vía a barranquilla', ' paradero 24', 'casa No. 3', 'rodadero', 'Santa Marta', 'CO', 6, 4, '2021-08-26 18:41:16', '2021-08-26 18:41:16')[0m
  [1m[35m (2.9ms)[0m  [1m[35mCOMMIT[0m
Completed 200 OK in 17ms (Views: 0.5ms | ActiveRecord: 6.9ms)


Started DELETE "/api/v1/inmuebles/4" for ::1 at 2021-08-26 13:48:52 -0500
  
SyntaxError (C:/wamp64/www/prueba/app/controllers/api/v1/inmuebles_controller.rb:62: syntax error, unexpected end-of-input, expecting `end'):
  
app/controllers/api/v1/inmuebles_controller.rb:62: syntax error, unexpected end-of-input, expecting `end'
Started DELETE "/api/v1/inmuebles/4" for ::1 at 2021-08-26 13:49:11 -0500
Processing by Api::V1::InmueblesController#destroy as */*
  Parameters: {"name"=>"Casa Campestre en la playa", "type_inmueble"=>"Casa", "street"=>"vía a barranquilla", "external_number"=>" paradero 24", "internal_number"=>"casa No. 3", "neighborhood"=>"rodadero", "city"=>"Santa Marta", "country"=>"CO", "rooms"=>6, "bathrooms"=>4, "id"=>"4", "inmueble"=>{"name"=>"Casa Campestre en la playa", "type_inmueble"=>"Casa", "street"=>"vía a barranquilla", "external_number"=>" paradero 24", "internal_number"=>"casa No. 3", "neighborhood"=>"rodadero", "city"=>"Santa Marta", "country"=>"CO", "rooms"=>6, "bathrooms"=>4}}
  [1m[36mInmueble Load (0.4ms)[0m  [1m[34mSELECT  `inmuebles`.* FROM `inmuebles` WHERE `inmuebles`.`id` = 4 LIMIT 1[0m
  [1m[35m (0.2ms)[0m  [1m[35mBEGIN[0m
  [1m[35mSQL (4.1ms)[0m  [1m[31mDELETE FROM `inmuebles` WHERE `inmuebles`.`id` = 4[0m
  [1m[35m (4.9ms)[0m  [1m[35mCOMMIT[0m
Completed 200 OK in 25ms (Views: 2.6ms | ActiveRecord: 12.1ms)


Started GET "/api/v1/inmuebles/4" for ::1 at 2021-08-26 13:49:24 -0500
Processing by Api::V1::InmueblesController#show as HTML
  Parameters: {"id"=>"4"}
  [1m[36mInmueble Load (0.3ms)[0m  [1m[34mSELECT  `inmuebles`.* FROM `inmuebles` WHERE `inmuebles`.`id` = 4 LIMIT 1[0m
Completed 404 Not Found in 3ms (ActiveRecord: 0.3ms)


  
ActiveRecord::RecordNotFound (Couldn't find Inmueble with 'id'=4):
  
app/controllers/api/v1/inmuebles_controller.rb:14:in `show'
Started GET "/api/v1/inmuebles/3" for ::1 at 2021-08-26 13:49:32 -0500
Processing by Api::V1::InmueblesController#show as HTML
  Parameters: {"id"=>"3"}
  [1m[36mInmueble Load (0.3ms)[0m  [1m[34mSELECT  `inmuebles`.* FROM `inmuebles` WHERE `inmuebles`.`id` = 3 LIMIT 1[0m
Completed 200 OK in 3ms (Views: 0.9ms | ActiveRecord: 0.3ms)


Started POST "/api/v1/inmuebles/4" for ::1 at 2021-08-26 13:49:47 -0500
  
ActionController::RoutingError (No route matches [POST] "/api/v1/inmuebles/4"):
  
actionpack (5.0.7.2) lib/action_dispatch/middleware/debug_exceptions.rb:53:in `call'
actionpack (5.0.7.2) lib/action_dispatch/middleware/show_exceptions.rb:31:in `call'
railties (5.0.7.2) lib/rails/rack/logger.rb:36:in `call_app'
railties (5.0.7.2) lib/rails/rack/logger.rb:24:in `block in call'
activesupport (5.0.7.2) lib/active_support/tagged_logging.rb:69:in `block in tagged'
activesupport (5.0.7.2) lib/active_support/tagged_logging.rb:26:in `tagged'
activesupport (5.0.7.2) lib/active_support/tagged_logging.rb:69:in `tagged'
railties (5.0.7.2) lib/rails/rack/logger.rb:24:in `call'
actionpack (5.0.7.2) lib/action_dispatch/middleware/request_id.rb:24:in `call'
rack (2.2.3) lib/rack/runtime.rb:22:in `call'
activesupport (5.0.7.2) lib/active_support/cache/strategy/local_cache_middleware.rb:28:in `call'
actionpack (5.0.7.2) lib/action_dispatch/middleware/executor.rb:12:in `call'
actionpack (5.0.7.2) lib/action_dispatch/middleware/static.rb:136:in `call'
rack (2.2.3) lib/rack/sendfile.rb:110:in `call'
railties (5.0.7.2) lib/rails/engine.rb:522:in `call'
puma (3.12.6) lib/puma/configuration.rb:227:in `call'
puma (3.12.6) lib/puma/server.rb:706:in `handle_request'
puma (3.12.6) lib/puma/server.rb:476:in `process_client'
puma (3.12.6) lib/puma/server.rb:334:in `block in run'
puma (3.12.6) lib/puma/thread_pool.rb:135:in `block in spawn_thread'
Started POST "/api/v1/inmuebles" for ::1 at 2021-08-26 13:50:00 -0500
Processing by Api::V1::InmueblesController#create as */*
  Parameters: {"name"=>"Casa Campestre en la playa", "type_inmueble"=>"Casa", "street"=>"vía a barranquilla", "external_number"=>" paradero 24", "internal_number"=>"casa No. 3", "neighborhood"=>"rodadero", "city"=>"Santa Marta", "country"=>"CO", "rooms"=>6, "bathrooms"=>4, "inmueble"=>{"name"=>"Casa Campestre en la playa", "type_inmueble"=>"Casa", "street"=>"vía a barranquilla", "external_number"=>" paradero 24", "internal_number"=>"casa No. 3", "neighborhood"=>"rodadero", "city"=>"Santa Marta", "country"=>"CO", "rooms"=>6, "bathrooms"=>4}}
Unpermitted parameter: inmueble
  [1m[35m (0.4ms)[0m  [1m[35mBEGIN[0m
  [1m[35mSQL (0.3ms)[0m  [1m[32mINSERT INTO `inmuebles` (`name`, `type_inmueble`, `street`, `external_number`, `internal_number`, `neighborhood`, `city`, `country`, `rooms`, `bathrooms`, `created_at`, `updated_at`) VALUES ('Casa Campestre en la playa', 'Casa', 'vía a barranquilla', ' paradero 24', 'casa No. 3', 'rodadero', 'Santa Marta', 'CO', 6, 4, '2021-08-26 18:50:00', '2021-08-26 18:50:00')[0m
  [1m[35m (3.8ms)[0m  [1m[35mCOMMIT[0m
Completed 200 OK in 12ms (Views: 0.5ms | ActiveRecord: 4.5ms)


Started GET "/api/v1/inmuebles/" for ::1 at 2021-08-26 13:51:54 -0500
  
AbstractController::ActionNotFound (The action 'index' could not be found for Api::V1::InmueblesController):
  
actionpack (5.0.7.2) lib/abstract_controller/base.rb:121:in `process'
actionpack (5.0.7.2) lib/action_controller/metal.rb:190:in `dispatch'
actionpack (5.0.7.2) lib/action_controller/metal.rb:262:in `dispatch'
actionpack (5.0.7.2) lib/action_dispatch/routing/route_set.rb:50:in `dispatch'
actionpack (5.0.7.2) lib/action_dispatch/routing/route_set.rb:32:in `serve'
actionpack (5.0.7.2) lib/action_dispatch/journey/router.rb:39:in `block in serve'
actionpack (5.0.7.2) lib/action_dispatch/journey/router.rb:26:in `each'
actionpack (5.0.7.2) lib/action_dispatch/journey/router.rb:26:in `serve'
actionpack (5.0.7.2) lib/action_dispatch/routing/route_set.rb:727:in `call'
rack (2.2.3) lib/rack/etag.rb:27:in `call'
rack (2.2.3) lib/rack/conditional_get.rb:27:in `call'
rack (2.2.3) lib/rack/head.rb:12:in `call'
activerecord (5.0.7.2) lib/active_record/migration.rb:553:in `call'
actionpack (5.0.7.2) lib/action_dispatch/middleware/callbacks.rb:38:in `block in call'
activesupport (5.0.7.2) lib/active_support/callbacks.rb:97:in `__run_callbacks__'
activesupport (5.0.7.2) lib/active_support/callbacks.rb:750:in `_run_call_callbacks'
activesupport (5.0.7.2) lib/active_support/callbacks.rb:90:in `run_callbacks'
actionpack (5.0.7.2) lib/action_dispatch/middleware/callbacks.rb:36:in `call'
actionpack (5.0.7.2) lib/action_dispatch/middleware/executor.rb:12:in `call'
actionpack (5.0.7.2) lib/action_dispatch/middleware/remote_ip.rb:79:in `call'
actionpack (5.0.7.2) lib/action_dispatch/middleware/debug_exceptions.rb:49:in `call'
actionpack (5.0.7.2) lib/action_dispatch/middleware/show_exceptions.rb:31:in `call'
railties (5.0.7.2) lib/rails/rack/logger.rb:36:in `call_app'
railties (5.0.7.2) lib/rails/rack/logger.rb:24:in `block in call'
activesupport (5.0.7.2) lib/active_support/tagged_logging.rb:69:in `block in tagged'
activesupport (5.0.7.2) lib/active_support/tagged_logging.rb:26:in `tagged'
activesupport (5.0.7.2) lib/active_support/tagged_logging.rb:69:in `tagged'
railties (5.0.7.2) lib/rails/rack/logger.rb:24:in `call'
actionpack (5.0.7.2) lib/action_dispatch/middleware/request_id.rb:24:in `call'
rack (2.2.3) lib/rack/runtime.rb:22:in `call'
activesupport (5.0.7.2) lib/active_support/cache/strategy/local_cache_middleware.rb:28:in `call'
actionpack (5.0.7.2) lib/action_dispatch/middleware/executor.rb:12:in `call'
actionpack (5.0.7.2) lib/action_dispatch/middleware/static.rb:136:in `call'
rack (2.2.3) lib/rack/sendfile.rb:110:in `call'
railties (5.0.7.2) lib/rails/engine.rb:522:in `call'
puma (3.12.6) lib/puma/configuration.rb:227:in `call'
puma (3.12.6) lib/puma/server.rb:706:in `handle_request'
puma (3.12.6) lib/puma/server.rb:476:in `process_client'
puma (3.12.6) lib/puma/server.rb:334:in `block in run'
puma (3.12.6) lib/puma/thread_pool.rb:135:in `block in spawn_thread'
Started GET "/api/v1/inmuebles/" for ::1 at 2021-08-26 13:52:01 -0500
Processing by Api::V1::InmueblesController#index as HTML
  [1m[36mInmueble Load (0.4ms)[0m  [1m[34mSELECT `inmuebles`.* FROM `inmuebles` ORDER BY created_at[0m
Completed 200 OK in 17ms (Views: 10.6ms | ActiveRecord: 2.0ms)


Started PUT "/api/v1/inmuebles/2" for ::1 at 2021-08-26 14:00:48 -0500
Processing by Api::V1::InmueblesController#update as */*
  Parameters: {"name"=>"Casa en el Centro", "id"=>"2", "inmueble"=>{"name"=>"Casa en el Centro"}}
  [1m[36mInmueble Load (0.3ms)[0m  [1m[34mSELECT  `inmuebles`.* FROM `inmuebles` WHERE `inmuebles`.`id` = 2 LIMIT 1[0m
Unpermitted parameters: id, inmueble
  [1m[35m (0.2ms)[0m  [1m[35mBEGIN[0m
  [1m[35mSQL (2.4ms)[0m  [1m[33mUPDATE `inmuebles` SET `name` = 'Casa en el Centro', `updated_at` = '2021-08-26 19:00:48' WHERE `inmuebles`.`id` = 2[0m
  [1m[35m (2.7ms)[0m  [1m[35mCOMMIT[0m
Completed 200 OK in 19ms (Views: 0.5ms | ActiveRecord: 7.5ms)


Started PUT "/api/v1/inmuebles/2" for ::1 at 2021-08-26 14:01:12 -0500
Processing by Api::V1::InmueblesController#update as */*
  Parameters: {"name"=>"Apartamento", "id"=>"2", "inmueble"=>{"name"=>"Apartamento"}}
  [1m[36mInmueble Load (0.4ms)[0m  [1m[34mSELECT  `inmuebles`.* FROM `inmuebles` WHERE `inmuebles`.`id` = 2 LIMIT 1[0m
Unpermitted parameters: id, inmueble
  [1m[35m (0.2ms)[0m  [1m[35mBEGIN[0m
  [1m[35mSQL (0.5ms)[0m  [1m[33mUPDATE `inmuebles` SET `name` = 'Apartamento', `updated_at` = '2021-08-26 19:01:12' WHERE `inmuebles`.`id` = 2[0m
  [1m[35m (3.9ms)[0m  [1m[35mCOMMIT[0m
Completed 200 OK in 13ms (Views: 0.5ms | ActiveRecord: 4.9ms)


Started PUT "/api/v1/inmuebles/1" for ::1 at 2021-08-26 14:01:33 -0500
Processing by Api::V1::InmueblesController#update as */*
  Parameters: {"name"=>"Casa en el centro de la ciudad", "id"=>"1", "inmueble"=>{"name"=>"Casa en el centro de la ciudad"}}
  [1m[36mInmueble Load (0.3ms)[0m  [1m[34mSELECT  `inmuebles`.* FROM `inmuebles` WHERE `inmuebles`.`id` = 1 LIMIT 1[0m
Unpermitted parameters: id, inmueble
  [1m[35m (0.1ms)[0m  [1m[35mBEGIN[0m
  [1m[35m (0.2ms)[0m  [1m[31mROLLBACK[0m
Completed 422 Unprocessable Entity in 6ms (Views: 0.2ms | ActiveRecord: 0.5ms)


Started PUT "/api/v1/inmuebles/1" for ::1 at 2021-08-26 14:01:45 -0500
Processing by Api::V1::InmueblesController#update as */*
  Parameters: {"name"=>"Casa en el centro de la ciudad", "id"=>"1", "inmueble"=>{"name"=>"Casa en el centro de la ciudad"}}
  [1m[36mInmueble Load (0.4ms)[0m  [1m[34mSELECT  `inmuebles`.* FROM `inmuebles` WHERE `inmuebles`.`id` = 1 LIMIT 1[0m
Unpermitted parameters: id, inmueble
  [1m[35m (0.1ms)[0m  [1m[35mBEGIN[0m
  [1m[35m (0.1ms)[0m  [1m[31mROLLBACK[0m
Completed 422 Unprocessable Entity in 5ms (Views: 0.1ms | ActiveRecord: 0.7ms)


Started PUT "/api/v1/inmuebles/1" for ::1 at 2021-08-26 14:02:24 -0500
Processing by Api::V1::InmueblesController#update as */*
  Parameters: {"name"=>"Casa en el centro de la ciudad", "internal_number"=>"casa cerca a la estación", "id"=>"1", "inmueble"=>{"name"=>"Casa en el centro de la ciudad", "internal_number"=>"casa cerca a la estación"}}
  [1m[36mInmueble Load (0.4ms)[0m  [1m[34mSELECT  `inmuebles`.* FROM `inmuebles` WHERE `inmuebles`.`id` = 1 LIMIT 1[0m
Unpermitted parameters: id, inmueble
  [1m[35m (0.2ms)[0m  [1m[35mBEGIN[0m
  [1m[35mSQL (0.4ms)[0m  [1m[33mUPDATE `inmuebles` SET `name` = 'Casa en el centro de la ciudad', `internal_number` = 'casa cerca a la estación', `updated_at` = '2021-08-26 19:02:24' WHERE `inmuebles`.`id` = 1[0m
  [1m[35m (4.0ms)[0m  [1m[35mCOMMIT[0m
Completed 200 OK in 19ms (Views: 0.6ms | ActiveRecord: 5.0ms)


